firedrake:WARNING OMP_NUM_THREADS is not set or is set to a value greater than 1, we suggest setting OMP_NUM_THREADS=1 to improve performance
> subdirectory name:000017
> run parameters written to Results/000017/Parameter.json
> evaluating coefficient
> coefficient plotted to Results/000017/coefficient.png
> computed 1100 eigenvalues.
> eigenfunction 0 plotted to Results/000017/eigenfun00000.png
> eigenfunction 1 plotted to Results/000017/eigenfun00001.png
> eigenfunction 2 plotted to Results/000017/eigenfun00002.png
> eigenfunction 3 plotted to Results/000017/eigenfun00003.png
> eigenfunction 4 plotted to Results/000017/eigenfun00004.png
> eigenfunction 5 plotted to Results/000017/eigenfun00005.png
> eigenfunction 6 plotted to Results/000017/eigenfun00006.png
> eigenfunction 7 plotted to Results/000017/eigenfun00007.png
> eigenfunction 8 plotted to Results/000017/eigenfun00008.png
> eigenfunction 9 plotted to Results/000017/eigenfun00009.png
> eigenfunction 10 plotted to Results/000017/eigenfun00010.png
> eigenfunction 11 plotted to Results/000017/eigenfun00011.png
> eigenfunction 12 plotted to Results/000017/eigenfun00012.png
> eigenfunction 13 plotted to Results/000017/eigenfun00013.png
> eigenfunction 14 plotted to Results/000017/eigenfun00014.png
> eigenfunction 15 plotted to Results/000017/eigenfun00015.png
> eigenfunction 16 plotted to Results/000017/eigenfun00016.png
> eigenfunction 17 plotted to Results/000017/eigenfun00017.png
> eigenfunction 18 plotted to Results/000017/eigenfun00018.png
> eigenfunction 19 plotted to Results/000017/eigenfun00019.png
> eigenfunction 20 plotted to Results/000017/eigenfun00020.png
> eigenfunction 21 plotted to Results/000017/eigenfun00021.png
> eigenfunction 22 plotted to Results/000017/eigenfun00022.png
> eigenfunction 23 plotted to Results/000017/eigenfun00023.png
> eigenfunction 24 plotted to Results/000017/eigenfun00024.png
> eigenfunction 25 plotted to Results/000017/eigenfun00025.png
> eigenfunction 26 plotted to Results/000017/eigenfun00026.png
> eigenfunction 27 plotted to Results/000017/eigenfun00027.png
> eigenfunction 28 plotted to Results/000017/eigenfun00028.png
> eigenfunction 29 plotted to Results/000017/eigenfun00029.png
> eigenfunction 30 plotted to Results/000017/eigenfun00030.png
> eigenfunction 31 plotted to Results/000017/eigenfun00031.png
> eigenfunction 32 plotted to Results/000017/eigenfun00032.png
> eigenfunction 33 plotted to Results/000017/eigenfun00033.png
> eigenfunction 34 plotted to Results/000017/eigenfun00034.png
> eigenfunction 35 plotted to Results/000017/eigenfun00035.png
> eigenfunction 36 plotted to Results/000017/eigenfun00036.png
> eigenfunction 37 plotted to Results/000017/eigenfun00037.png
> eigenfunction 38 plotted to Results/000017/eigenfun00038.png
> eigenfunction 39 plotted to Results/000017/eigenfun00039.png
> eigenfunction 40 plotted to Results/000017/eigenfun00040.png
> eigenfunction 41 plotted to Results/000017/eigenfun00041.png
> eigenfunction 42 plotted to Results/000017/eigenfun00042.png
> eigenfunction 43 plotted to Results/000017/eigenfun00043.png
> eigenfunction 44 plotted to Results/000017/eigenfun00044.png
> eigenfunction 45 plotted to Results/000017/eigenfun00045.png
> eigenfunction 46 plotted to Results/000017/eigenfun00046.png
> eigenfunction 47 plotted to Results/000017/eigenfun00047.png
> eigenfunction 48 plotted to Results/000017/eigenfun00048.png
> eigenfunction 49 plotted to Results/000017/eigenfun00049.png
> eigenfunction 50 plotted to Results/000017/eigenfun00050.png
> eigenfunction 51 plotted to Results/000017/eigenfun00051.png
> eigenfunction 52 plotted to Results/000017/eigenfun00052.png
> eigenfunction 53 plotted to Results/000017/eigenfun00053.png
> eigenfunction 54 plotted to Results/000017/eigenfun00054.png
> eigenfunction 55 plotted to Results/000017/eigenfun00055.png
> eigenfunction 56 plotted to Results/000017/eigenfun00056.png
> eigenfunction 57 plotted to Results/000017/eigenfun00057.png
> eigenfunction 58 plotted to Results/000017/eigenfun00058.png
> eigenfunction 59 plotted to Results/000017/eigenfun00059.png
> eigenfunction 60 plotted to Results/000017/eigenfun00060.png
> eigenfunction 61 plotted to Results/000017/eigenfun00061.png
> eigenfunction 62 plotted to Results/000017/eigenfun00062.png
> eigenfunction 63 plotted to Results/000017/eigenfun00063.png
> eigenfunction 64 plotted to Results/000017/eigenfun00064.png
> eigenfunction 65 plotted to Results/000017/eigenfun00065.png
> eigenfunction 66 plotted to Results/000017/eigenfun00066.png
> eigenfunction 67 plotted to Results/000017/eigenfun00067.png
> eigenfunction 68 plotted to Results/000017/eigenfun00068.png
> eigenfunction 69 plotted to Results/000017/eigenfun00069.png
> eigenfunction 70 plotted to Results/000017/eigenfun00070.png
> eigenfunction 71 plotted to Results/000017/eigenfun00071.png
> eigenfunction 72 plotted to Results/000017/eigenfun00072.png
> eigenfunction 73 plotted to Results/000017/eigenfun00073.png
> eigenfunction 74 plotted to Results/000017/eigenfun00074.png
> eigenfunction 75 plotted to Results/000017/eigenfun00075.png
> eigenfunction 76 plotted to Results/000017/eigenfun00076.png
> eigenfunction 77 plotted to Results/000017/eigenfun00077.png
> eigenfunction 78 plotted to Results/000017/eigenfun00078.png
> eigenfunction 79 plotted to Results/000017/eigenfun00079.png
> eigenfunction 80 plotted to Results/000017/eigenfun00080.png
> eigenfunction 81 plotted to Results/000017/eigenfun00081.png
> eigenfunction 82 plotted to Results/000017/eigenfun00082.png
> eigenfunction 83 plotted to Results/000017/eigenfun00083.png
> eigenfunction 84 plotted to Results/000017/eigenfun00084.png
> eigenfunction 85 plotted to Results/000017/eigenfun00085.png
> eigenfunction 86 plotted to Results/000017/eigenfun00086.png
> eigenfunction 87 plotted to Results/000017/eigenfun00087.png
> eigenfunction 88 plotted to Results/000017/eigenfun00088.png
> eigenfunction 89 plotted to Results/000017/eigenfun00089.png
> eigenfunction 90 plotted to Results/000017/eigenfun00090.png
> eigenfunction 91 plotted to Results/000017/eigenfun00091.png
> eigenfunction 92 plotted to Results/000017/eigenfun00092.png
> eigenfunction 93 plotted to Results/000017/eigenfun00093.png
> eigenfunction 94 plotted to Results/000017/eigenfun00094.png
> eigenfunction 95 plotted to Results/000017/eigenfun00095.png
> eigenfunction 96 plotted to Results/000017/eigenfun00096.png
> eigenfunction 97 plotted to Results/000017/eigenfun00097.png
> eigenfunction 98 plotted to Results/000017/eigenfun00098.png
> eigenfunction 99 plotted to Results/000017/eigenfun00099.png
> eigenfunction 100 plotted to Results/000017/eigenfun00100.png
> eigenfunction 101 plotted to Results/000017/eigenfun00101.png
> eigenfunction 102 plotted to Results/000017/eigenfun00102.png
> eigenfunction 103 plotted to Results/000017/eigenfun00103.png
> eigenfunction 104 plotted to Results/000017/eigenfun00104.png
> eigenfunction 105 plotted to Results/000017/eigenfun00105.png
> eigenfunction 106 plotted to Results/000017/eigenfun00106.png
> eigenfunction 107 plotted to Results/000017/eigenfun00107.png
> eigenfunction 108 plotted to Results/000017/eigenfun00108.png
> eigenfunction 109 plotted to Results/000017/eigenfun00109.png
> eigenfunction 110 plotted to Results/000017/eigenfun00110.png
> eigenfunction 111 plotted to Results/000017/eigenfun00111.png
> eigenfunction 112 plotted to Results/000017/eigenfun00112.png
> eigenfunction 113 plotted to Results/000017/eigenfun00113.png
> eigenfunction 114 plotted to Results/000017/eigenfun00114.png
> eigenfunction 115 plotted to Results/000017/eigenfun00115.png
> eigenfunction 116 plotted to Results/000017/eigenfun00116.png
> eigenfunction 117 plotted to Results/000017/eigenfun00117.png
> eigenfunction 118 plotted to Results/000017/eigenfun00118.png
> eigenfunction 119 plotted to Results/000017/eigenfun00119.png
> eigenfunction 120 plotted to Results/000017/eigenfun00120.png
> eigenfunction 121 plotted to Results/000017/eigenfun00121.png
> eigenfunction 122 plotted to Results/000017/eigenfun00122.png
> eigenfunction 123 plotted to Results/000017/eigenfun00123.png
> eigenfunction 124 plotted to Results/000017/eigenfun00124.png
> eigenfunction 125 plotted to Results/000017/eigenfun00125.png
> eigenfunction 126 plotted to Results/000017/eigenfun00126.png
> eigenfunction 127 plotted to Results/000017/eigenfun00127.png
> eigenfunction 128 plotted to Results/000017/eigenfun00128.png
> eigenfunction 129 plotted to Results/000017/eigenfun00129.png
> eigenfunction 130 plotted to Results/000017/eigenfun00130.png
> eigenfunction 131 plotted to Results/000017/eigenfun00131.png
> eigenfunction 132 plotted to Results/000017/eigenfun00132.png
> eigenfunction 133 plotted to Results/000017/eigenfun00133.png
> eigenfunction 134 plotted to Results/000017/eigenfun00134.png
> eigenfunction 135 plotted to Results/000017/eigenfun00135.png
> eigenfunction 136 plotted to Results/000017/eigenfun00136.png
> eigenfunction 137 plotted to Results/000017/eigenfun00137.png
> eigenfunction 138 plotted to Results/000017/eigenfun00138.png
> eigenfunction 139 plotted to Results/000017/eigenfun00139.png
> eigenfunction 140 plotted to Results/000017/eigenfun00140.png
> eigenfunction 141 plotted to Results/000017/eigenfun00141.png
> eigenfunction 142 plotted to Results/000017/eigenfun00142.png
> eigenfunction 143 plotted to Results/000017/eigenfun00143.png
> eigenfunction 144 plotted to Results/000017/eigenfun00144.png
> eigenfunction 145 plotted to Results/000017/eigenfun00145.png
> eigenfunction 146 plotted to Results/000017/eigenfun00146.png
> eigenfunction 147 plotted to Results/000017/eigenfun00147.png
> eigenfunction 148 plotted to Results/000017/eigenfun00148.png
> eigenfunction 149 plotted to Results/000017/eigenfun00149.png
> eigenfunction 150 plotted to Results/000017/eigenfun00150.png
> eigenfunction 151 plotted to Results/000017/eigenfun00151.png
> eigenfunction 152 plotted to Results/000017/eigenfun00152.png
> eigenfunction 153 plotted to Results/000017/eigenfun00153.png
> eigenfunction 154 plotted to Results/000017/eigenfun00154.png
> eigenfunction 155 plotted to Results/000017/eigenfun00155.png
> eigenfunction 156 plotted to Results/000017/eigenfun00156.png
> eigenfunction 157 plotted to Results/000017/eigenfun00157.png
> eigenfunction 158 plotted to Results/000017/eigenfun00158.png
> eigenfunction 159 plotted to Results/000017/eigenfun00159.png
> eigenfunction 160 plotted to Results/000017/eigenfun00160.png
> eigenfunction 161 plotted to Results/000017/eigenfun00161.png
> eigenfunction 162 plotted to Results/000017/eigenfun00162.png
> eigenfunction 163 plotted to Results/000017/eigenfun00163.png
> eigenfunction 164 plotted to Results/000017/eigenfun00164.png
> eigenfunction 165 plotted to Results/000017/eigenfun00165.png
> eigenfunction 166 plotted to Results/000017/eigenfun00166.png
> eigenfunction 167 plotted to Results/000017/eigenfun00167.png
> eigenfunction 168 plotted to Results/000017/eigenfun00168.png
> eigenfunction 169 plotted to Results/000017/eigenfun00169.png
> eigenfunction 170 plotted to Results/000017/eigenfun00170.png
> eigenfunction 171 plotted to Results/000017/eigenfun00171.png
> eigenfunction 172 plotted to Results/000017/eigenfun00172.png
> eigenfunction 173 plotted to Results/000017/eigenfun00173.png
> eigenfunction 174 plotted to Results/000017/eigenfun00174.png
> eigenfunction 175 plotted to Results/000017/eigenfun00175.png
> eigenfunction 176 plotted to Results/000017/eigenfun00176.png
> eigenfunction 177 plotted to Results/000017/eigenfun00177.png
> eigenfunction 178 plotted to Results/000017/eigenfun00178.png
> eigenfunction 179 plotted to Results/000017/eigenfun00179.png
> eigenfunction 180 plotted to Results/000017/eigenfun00180.png
> eigenfunction 181 plotted to Results/000017/eigenfun00181.png
> eigenfunction 182 plotted to Results/000017/eigenfun00182.png
> eigenfunction 183 plotted to Results/000017/eigenfun00183.png
> eigenfunction 184 plotted to Results/000017/eigenfun00184.png
> eigenfunction 185 plotted to Results/000017/eigenfun00185.png
> eigenfunction 186 plotted to Results/000017/eigenfun00186.png
> eigenfunction 187 plotted to Results/000017/eigenfun00187.png
> eigenfunction 188 plotted to Results/000017/eigenfun00188.png
> eigenfunction 189 plotted to Results/000017/eigenfun00189.png
> eigenfunction 190 plotted to Results/000017/eigenfun00190.png
> eigenfunction 191 plotted to Results/000017/eigenfun00191.png
> eigenfunction 192 plotted to Results/000017/eigenfun00192.png
> eigenfunction 193 plotted to Results/000017/eigenfun00193.png
> eigenfunction 194 plotted to Results/000017/eigenfun00194.png
> eigenfunction 195 plotted to Results/000017/eigenfun00195.png
> eigenfunction 196 plotted to Results/000017/eigenfun00196.png
> eigenfunction 197 plotted to Results/000017/eigenfun00197.png
> eigenfunction 198 plotted to Results/000017/eigenfun00198.png
> eigenfunction 199 plotted to Results/000017/eigenfun00199.png
> eigenfunction 200 plotted to Results/000017/eigenfun00200.png
> eigenfunction 201 plotted to Results/000017/eigenfun00201.png
> eigenfunction 202 plotted to Results/000017/eigenfun00202.png
> eigenfunction 203 plotted to Results/000017/eigenfun00203.png
> eigenfunction 204 plotted to Results/000017/eigenfun00204.png
> eigenfunction 205 plotted to Results/000017/eigenfun00205.png
> eigenfunction 206 plotted to Results/000017/eigenfun00206.png
> eigenfunction 207 plotted to Results/000017/eigenfun00207.png
> eigenfunction 208 plotted to Results/000017/eigenfun00208.png
> eigenfunction 209 plotted to Results/000017/eigenfun00209.png
> eigenfunction 210 plotted to Results/000017/eigenfun00210.png
> eigenfunction 211 plotted to Results/000017/eigenfun00211.png
> eigenfunction 212 plotted to Results/000017/eigenfun00212.png
> eigenfunction 213 plotted to Results/000017/eigenfun00213.png
> eigenfunction 214 plotted to Results/000017/eigenfun00214.png
> eigenfunction 215 plotted to Results/000017/eigenfun00215.png
> eigenfunction 216 plotted to Results/000017/eigenfun00216.png
> eigenfunction 217 plotted to Results/000017/eigenfun00217.png
> eigenfunction 218 plotted to Results/000017/eigenfun00218.png
> eigenfunction 219 plotted to Results/000017/eigenfun00219.png
> eigenfunction 220 plotted to Results/000017/eigenfun00220.png
> eigenfunction 221 plotted to Results/000017/eigenfun00221.png
> eigenfunction 222 plotted to Results/000017/eigenfun00222.png
> eigenfunction 223 plotted to Results/000017/eigenfun00223.png
> eigenfunction 224 plotted to Results/000017/eigenfun00224.png
> eigenfunction 225 plotted to Results/000017/eigenfun00225.png
> eigenfunction 226 plotted to Results/000017/eigenfun00226.png
> eigenfunction 227 plotted to Results/000017/eigenfun00227.png
> eigenfunction 228 plotted to Results/000017/eigenfun00228.png
> eigenfunction 229 plotted to Results/000017/eigenfun00229.png
> eigenfunction 230 plotted to Results/000017/eigenfun00230.png
> eigenfunction 231 plotted to Results/000017/eigenfun00231.png
> eigenfunction 232 plotted to Results/000017/eigenfun00232.png
> eigenfunction 233 plotted to Results/000017/eigenfun00233.png
> eigenfunction 234 plotted to Results/000017/eigenfun00234.png
> eigenfunction 235 plotted to Results/000017/eigenfun00235.png
> eigenfunction 236 plotted to Results/000017/eigenfun00236.png
> eigenfunction 237 plotted to Results/000017/eigenfun00237.png
> eigenfunction 238 plotted to Results/000017/eigenfun00238.png
> eigenfunction 239 plotted to Results/000017/eigenfun00239.png
> eigenfunction 240 plotted to Results/000017/eigenfun00240.png
> eigenfunction 241 plotted to Results/000017/eigenfun00241.png
> eigenfunction 242 plotted to Results/000017/eigenfun00242.png
> eigenfunction 243 plotted to Results/000017/eigenfun00243.png
> eigenfunction 244 plotted to Results/000017/eigenfun00244.png
> eigenfunction 245 plotted to Results/000017/eigenfun00245.png
> eigenfunction 246 plotted to Results/000017/eigenfun00246.png
> eigenfunction 247 plotted to Results/000017/eigenfun00247.png
> eigenfunction 248 plotted to Results/000017/eigenfun00248.png
> eigenfunction 249 plotted to Results/000017/eigenfun00249.png
> eigenfunction 250 plotted to Results/000017/eigenfun00250.png
> eigenfunction 251 plotted to Results/000017/eigenfun00251.png
> eigenfunction 252 plotted to Results/000017/eigenfun00252.png
> eigenfunction 253 plotted to Results/000017/eigenfun00253.png
> eigenfunction 254 plotted to Results/000017/eigenfun00254.png
> eigenfunction 255 plotted to Results/000017/eigenfun00255.png
> eigenfunction 256 plotted to Results/000017/eigenfun00256.png
> eigenfunction 257 plotted to Results/000017/eigenfun00257.png
> eigenfunction 258 plotted to Results/000017/eigenfun00258.png
> eigenfunction 259 plotted to Results/000017/eigenfun00259.png
> eigenfunction 260 plotted to Results/000017/eigenfun00260.png
> eigenfunction 261 plotted to Results/000017/eigenfun00261.png
> eigenfunction 262 plotted to Results/000017/eigenfun00262.png
> eigenfunction 263 plotted to Results/000017/eigenfun00263.png
> eigenfunction 264 plotted to Results/000017/eigenfun00264.png
> eigenfunction 265 plotted to Results/000017/eigenfun00265.png
> eigenfunction 266 plotted to Results/000017/eigenfun00266.png
> eigenfunction 267 plotted to Results/000017/eigenfun00267.png
> eigenfunction 268 plotted to Results/000017/eigenfun00268.png
> eigenfunction 269 plotted to Results/000017/eigenfun00269.png
> eigenfunction 270 plotted to Results/000017/eigenfun00270.png
> eigenfunction 271 plotted to Results/000017/eigenfun00271.png
> eigenfunction 272 plotted to Results/000017/eigenfun00272.png
> eigenfunction 273 plotted to Results/000017/eigenfun00273.png
> eigenfunction 274 plotted to Results/000017/eigenfun00274.png
> eigenfunction 275 plotted to Results/000017/eigenfun00275.png
> eigenfunction 276 plotted to Results/000017/eigenfun00276.png
> eigenfunction 277 plotted to Results/000017/eigenfun00277.png
> eigenfunction 278 plotted to Results/000017/eigenfun00278.png
> eigenfunction 279 plotted to Results/000017/eigenfun00279.png
> eigenfunction 280 plotted to Results/000017/eigenfun00280.png
> eigenfunction 281 plotted to Results/000017/eigenfun00281.png
> eigenfunction 282 plotted to Results/000017/eigenfun00282.png
> eigenfunction 283 plotted to Results/000017/eigenfun00283.png
> eigenfunction 284 plotted to Results/000017/eigenfun00284.png
> eigenfunction 285 plotted to Results/000017/eigenfun00285.png
> eigenfunction 286 plotted to Results/000017/eigenfun00286.png
> eigenfunction 287 plotted to Results/000017/eigenfun00287.png
> eigenfunction 288 plotted to Results/000017/eigenfun00288.png
> eigenfunction 289 plotted to Results/000017/eigenfun00289.png
> eigenfunction 290 plotted to Results/000017/eigenfun00290.png
> eigenfunction 291 plotted to Results/000017/eigenfun00291.png
> eigenfunction 292 plotted to Results/000017/eigenfun00292.png
> eigenfunction 293 plotted to Results/000017/eigenfun00293.png
> eigenfunction 294 plotted to Results/000017/eigenfun00294.png
> eigenfunction 295 plotted to Results/000017/eigenfun00295.png
> eigenfunction 296 plotted to Results/000017/eigenfun00296.png
> eigenfunction 297 plotted to Results/000017/eigenfun00297.png
> eigenfunction 298 plotted to Results/000017/eigenfun00298.png
> eigenfunction 299 plotted to Results/000017/eigenfun00299.png
> eigenfunction 300 plotted to Results/000017/eigenfun00300.png
> eigenfunction 301 plotted to Results/000017/eigenfun00301.png
> eigenfunction 302 plotted to Results/000017/eigenfun00302.png
> eigenfunction 303 plotted to Results/000017/eigenfun00303.png
> eigenfunction 304 plotted to Results/000017/eigenfun00304.png
> eigenfunction 305 plotted to Results/000017/eigenfun00305.png
> eigenfunction 306 plotted to Results/000017/eigenfun00306.png
> eigenfunction 307 plotted to Results/000017/eigenfun00307.png
> eigenfunction 308 plotted to Results/000017/eigenfun00308.png
> eigenfunction 309 plotted to Results/000017/eigenfun00309.png
> eigenfunction 310 plotted to Results/000017/eigenfun00310.png
> eigenfunction 311 plotted to Results/000017/eigenfun00311.png
> eigenfunction 312 plotted to Results/000017/eigenfun00312.png
> eigenfunction 313 plotted to Results/000017/eigenfun00313.png
> eigenfunction 314 plotted to Results/000017/eigenfun00314.png
> eigenfunction 315 plotted to Results/000017/eigenfun00315.png
> eigenfunction 316 plotted to Results/000017/eigenfun00316.png
> eigenfunction 317 plotted to Results/000017/eigenfun00317.png
> eigenfunction 318 plotted to Results/000017/eigenfun00318.png
> eigenfunction 319 plotted to Results/000017/eigenfun00319.png
> eigenfunction 320 plotted to Results/000017/eigenfun00320.png
> eigenfunction 321 plotted to Results/000017/eigenfun00321.png
> eigenfunction 322 plotted to Results/000017/eigenfun00322.png
> eigenfunction 323 plotted to Results/000017/eigenfun00323.png
> eigenfunction 324 plotted to Results/000017/eigenfun00324.png
> eigenfunction 325 plotted to Results/000017/eigenfun00325.png
> eigenfunction 326 plotted to Results/000017/eigenfun00326.png
> eigenfunction 327 plotted to Results/000017/eigenfun00327.png
> eigenfunction 328 plotted to Results/000017/eigenfun00328.png
> eigenfunction 329 plotted to Results/000017/eigenfun00329.png
> eigenfunction 330 plotted to Results/000017/eigenfun00330.png
> eigenfunction 331 plotted to Results/000017/eigenfun00331.png
> eigenfunction 332 plotted to Results/000017/eigenfun00332.png
> eigenfunction 333 plotted to Results/000017/eigenfun00333.png
> eigenfunction 334 plotted to Results/000017/eigenfun00334.png
> eigenfunction 335 plotted to Results/000017/eigenfun00335.png
> eigenfunction 336 plotted to Results/000017/eigenfun00336.png
> eigenfunction 337 plotted to Results/000017/eigenfun00337.png
> eigenfunction 338 plotted to Results/000017/eigenfun00338.png
> eigenfunction 339 plotted to Results/000017/eigenfun00339.png
> eigenfunction 340 plotted to Results/000017/eigenfun00340.png
> eigenfunction 341 plotted to Results/000017/eigenfun00341.png
> eigenfunction 342 plotted to Results/000017/eigenfun00342.png
> eigenfunction 343 plotted to Results/000017/eigenfun00343.png
> eigenfunction 344 plotted to Results/000017/eigenfun00344.png
> eigenfunction 345 plotted to Results/000017/eigenfun00345.png
> eigenfunction 346 plotted to Results/000017/eigenfun00346.png
> eigenfunction 347 plotted to Results/000017/eigenfun00347.png
> eigenfunction 348 plotted to Results/000017/eigenfun00348.png
> eigenfunction 349 plotted to Results/000017/eigenfun00349.png
> eigenfunction 350 plotted to Results/000017/eigenfun00350.png
> eigenfunction 351 plotted to Results/000017/eigenfun00351.png
> eigenfunction 352 plotted to Results/000017/eigenfun00352.png
> eigenfunction 353 plotted to Results/000017/eigenfun00353.png
> eigenfunction 354 plotted to Results/000017/eigenfun00354.png
> eigenfunction 355 plotted to Results/000017/eigenfun00355.png
> eigenfunction 356 plotted to Results/000017/eigenfun00356.png
> eigenfunction 357 plotted to Results/000017/eigenfun00357.png
> eigenfunction 358 plotted to Results/000017/eigenfun00358.png
> eigenfunction 359 plotted to Results/000017/eigenfun00359.png
> eigenfunction 360 plotted to Results/000017/eigenfun00360.png
> eigenfunction 361 plotted to Results/000017/eigenfun00361.png
> eigenfunction 362 plotted to Results/000017/eigenfun00362.png
> eigenfunction 363 plotted to Results/000017/eigenfun00363.png
> eigenfunction 364 plotted to Results/000017/eigenfun00364.png
> eigenfunction 365 plotted to Results/000017/eigenfun00365.png
> eigenfunction 366 plotted to Results/000017/eigenfun00366.png
> eigenfunction 367 plotted to Results/000017/eigenfun00367.png
> eigenfunction 368 plotted to Results/000017/eigenfun00368.png
> eigenfunction 369 plotted to Results/000017/eigenfun00369.png
> eigenfunction 370 plotted to Results/000017/eigenfun00370.png
> eigenfunction 371 plotted to Results/000017/eigenfun00371.png
> eigenfunction 372 plotted to Results/000017/eigenfun00372.png
> eigenfunction 373 plotted to Results/000017/eigenfun00373.png
> eigenfunction 374 plotted to Results/000017/eigenfun00374.png
> eigenfunction 375 plotted to Results/000017/eigenfun00375.png
> eigenfunction 376 plotted to Results/000017/eigenfun00376.png
> eigenfunction 377 plotted to Results/000017/eigenfun00377.png
> eigenfunction 378 plotted to Results/000017/eigenfun00378.png
> eigenfunction 379 plotted to Results/000017/eigenfun00379.png
> eigenfunction 380 plotted to Results/000017/eigenfun00380.png
> eigenfunction 381 plotted to Results/000017/eigenfun00381.png
> eigenfunction 382 plotted to Results/000017/eigenfun00382.png
> eigenfunction 383 plotted to Results/000017/eigenfun00383.png
> eigenfunction 384 plotted to Results/000017/eigenfun00384.png
> eigenfunction 385 plotted to Results/000017/eigenfun00385.png
> eigenfunction 386 plotted to Results/000017/eigenfun00386.png
> eigenfunction 387 plotted to Results/000017/eigenfun00387.png
> eigenfunction 388 plotted to Results/000017/eigenfun00388.png
> eigenfunction 389 plotted to Results/000017/eigenfun00389.png
> eigenfunction 390 plotted to Results/000017/eigenfun00390.png
> eigenfunction 391 plotted to Results/000017/eigenfun00391.png
> eigenfunction 392 plotted to Results/000017/eigenfun00392.png
> eigenfunction 393 plotted to Results/000017/eigenfun00393.png
> eigenfunction 394 plotted to Results/000017/eigenfun00394.png
> eigenfunction 395 plotted to Results/000017/eigenfun00395.png
> eigenfunction 396 plotted to Results/000017/eigenfun00396.png
> eigenfunction 397 plotted to Results/000017/eigenfun00397.png
> eigenfunction 398 plotted to Results/000017/eigenfun00398.png
> eigenfunction 399 plotted to Results/000017/eigenfun00399.png
> eigenfunction 400 plotted to Results/000017/eigenfun00400.png
> eigenfunction 401 plotted to Results/000017/eigenfun00401.png
> eigenfunction 402 plotted to Results/000017/eigenfun00402.png
> eigenfunction 403 plotted to Results/000017/eigenfun00403.png
> eigenfunction 404 plotted to Results/000017/eigenfun00404.png
> eigenfunction 405 plotted to Results/000017/eigenfun00405.png
> eigenfunction 406 plotted to Results/000017/eigenfun00406.png
> eigenfunction 407 plotted to Results/000017/eigenfun00407.png
> eigenfunction 408 plotted to Results/000017/eigenfun00408.png
> eigenfunction 409 plotted to Results/000017/eigenfun00409.png
> eigenfunction 410 plotted to Results/000017/eigenfun00410.png
> eigenfunction 411 plotted to Results/000017/eigenfun00411.png
> eigenfunction 412 plotted to Results/000017/eigenfun00412.png
> eigenfunction 413 plotted to Results/000017/eigenfun00413.png
> eigenfunction 414 plotted to Results/000017/eigenfun00414.png
> eigenfunction 415 plotted to Results/000017/eigenfun00415.png
> eigenfunction 416 plotted to Results/000017/eigenfun00416.png
> eigenfunction 417 plotted to Results/000017/eigenfun00417.png
> eigenfunction 418 plotted to Results/000017/eigenfun00418.png
> eigenfunction 419 plotted to Results/000017/eigenfun00419.png
> eigenfunction 420 plotted to Results/000017/eigenfun00420.png
> eigenfunction 421 plotted to Results/000017/eigenfun00421.png
> eigenfunction 422 plotted to Results/000017/eigenfun00422.png
> eigenfunction 423 plotted to Results/000017/eigenfun00423.png
> eigenfunction 424 plotted to Results/000017/eigenfun00424.png
> eigenfunction 425 plotted to Results/000017/eigenfun00425.png
> eigenfunction 426 plotted to Results/000017/eigenfun00426.png
> eigenfunction 427 plotted to Results/000017/eigenfun00427.png
> eigenfunction 428 plotted to Results/000017/eigenfun00428.png
> eigenfunction 429 plotted to Results/000017/eigenfun00429.png
> eigenfunction 430 plotted to Results/000017/eigenfun00430.png
> eigenfunction 431 plotted to Results/000017/eigenfun00431.png
> eigenfunction 432 plotted to Results/000017/eigenfun00432.png
> eigenfunction 433 plotted to Results/000017/eigenfun00433.png
> eigenfunction 434 plotted to Results/000017/eigenfun00434.png
> eigenfunction 435 plotted to Results/000017/eigenfun00435.png
> eigenfunction 436 plotted to Results/000017/eigenfun00436.png
> eigenfunction 437 plotted to Results/000017/eigenfun00437.png
> eigenfunction 438 plotted to Results/000017/eigenfun00438.png
> eigenfunction 439 plotted to Results/000017/eigenfun00439.png
> eigenfunction 440 plotted to Results/000017/eigenfun00440.png
> eigenfunction 441 plotted to Results/000017/eigenfun00441.png
> eigenfunction 442 plotted to Results/000017/eigenfun00442.png
> eigenfunction 443 plotted to Results/000017/eigenfun00443.png
> eigenfunction 444 plotted to Results/000017/eigenfun00444.png
> eigenfunction 445 plotted to Results/000017/eigenfun00445.png
> eigenfunction 446 plotted to Results/000017/eigenfun00446.png
> eigenfunction 447 plotted to Results/000017/eigenfun00447.png
> eigenfunction 448 plotted to Results/000017/eigenfun00448.png
> eigenfunction 449 plotted to Results/000017/eigenfun00449.png
> eigenfunction 450 plotted to Results/000017/eigenfun00450.png
> eigenfunction 451 plotted to Results/000017/eigenfun00451.png
> eigenfunction 452 plotted to Results/000017/eigenfun00452.png
> eigenfunction 453 plotted to Results/000017/eigenfun00453.png
> eigenfunction 454 plotted to Results/000017/eigenfun00454.png
> eigenfunction 455 plotted to Results/000017/eigenfun00455.png
> eigenfunction 456 plotted to Results/000017/eigenfun00456.png
> eigenfunction 457 plotted to Results/000017/eigenfun00457.png
> eigenfunction 458 plotted to Results/000017/eigenfun00458.png
> eigenfunction 459 plotted to Results/000017/eigenfun00459.png
> eigenfunction 460 plotted to Results/000017/eigenfun00460.png
> eigenfunction 461 plotted to Results/000017/eigenfun00461.png
> eigenfunction 462 plotted to Results/000017/eigenfun00462.png
> eigenfunction 463 plotted to Results/000017/eigenfun00463.png
> eigenfunction 464 plotted to Results/000017/eigenfun00464.png
> eigenfunction 465 plotted to Results/000017/eigenfun00465.png
> eigenfunction 466 plotted to Results/000017/eigenfun00466.png
> eigenfunction 467 plotted to Results/000017/eigenfun00467.png
> eigenfunction 468 plotted to Results/000017/eigenfun00468.png
> eigenfunction 469 plotted to Results/000017/eigenfun00469.png
> eigenfunction 470 plotted to Results/000017/eigenfun00470.png
> eigenfunction 471 plotted to Results/000017/eigenfun00471.png
> eigenfunction 472 plotted to Results/000017/eigenfun00472.png
> eigenfunction 473 plotted to Results/000017/eigenfun00473.png
> eigenfunction 474 plotted to Results/000017/eigenfun00474.png
> eigenfunction 475 plotted to Results/000017/eigenfun00475.png
> eigenfunction 476 plotted to Results/000017/eigenfun00476.png
> eigenfunction 477 plotted to Results/000017/eigenfun00477.png
> eigenfunction 478 plotted to Results/000017/eigenfun00478.png
> eigenfunction 479 plotted to Results/000017/eigenfun00479.png
> eigenfunction 480 plotted to Results/000017/eigenfun00480.png
> eigenfunction 481 plotted to Results/000017/eigenfun00481.png
> eigenfunction 482 plotted to Results/000017/eigenfun00482.png
> eigenfunction 483 plotted to Results/000017/eigenfun00483.png
> eigenfunction 484 plotted to Results/000017/eigenfun00484.png
> eigenfunction 485 plotted to Results/000017/eigenfun00485.png
> eigenfunction 486 plotted to Results/000017/eigenfun00486.png
> eigenfunction 487 plotted to Results/000017/eigenfun00487.png
> eigenfunction 488 plotted to Results/000017/eigenfun00488.png
> eigenfunction 489 plotted to Results/000017/eigenfun00489.png
> eigenfunction 490 plotted to Results/000017/eigenfun00490.png
> eigenfunction 491 plotted to Results/000017/eigenfun00491.png
> eigenfunction 492 plotted to Results/000017/eigenfun00492.png
> eigenfunction 493 plotted to Results/000017/eigenfun00493.png
> eigenfunction 494 plotted to Results/000017/eigenfun00494.png
> eigenfunction 495 plotted to Results/000017/eigenfun00495.png
> eigenfunction 496 plotted to Results/000017/eigenfun00496.png
> eigenfunction 497 plotted to Results/000017/eigenfun00497.png
> eigenfunction 498 plotted to Results/000017/eigenfun00498.png
> eigenfunction 499 plotted to Results/000017/eigenfun00499.png
> eigenfunction 500 plotted to Results/000017/eigenfun00500.png
> eigenvalues written to Results/000017/eigenvalues.txt
> eigenfunction montage between 0 and 24 is  written to Results/000017/eigenfunmon000_024.png
> eigenfunction montage between 25 and 49 is  written to Results/000017/eigenfunmon025_049.png
> eigenfunction montage between 50 and 74 is  written to Results/000017/eigenfunmon050_074.png
> eigenfunction montage between 75 and 99 is  written to Results/000017/eigenfunmon075_099.png
> eigenfunction montage between 100 and 124 is  written to Results/000017/eigenfunmon100_124.png
> eigenfunction montage between 125 and 149 is  written to Results/000017/eigenfunmon125_149.png
> eigenfunction montage between 150 and 174 is  written to Results/000017/eigenfunmon150_174.png
> eigenfunction montage between 175 and 199 is  written to Results/000017/eigenfunmon175_199.png
> eigenfunction montage between 200 and 224 is  written to Results/000017/eigenfunmon200_224.png
> eigenfunction montage between 225 and 249 is  written to Results/000017/eigenfunmon225_249.png
> eigenfunction montage between 250 and 274 is  written to Results/000017/eigenfunmon250_274.png
> eigenfunction montage between 275 and 299 is  written to Results/000017/eigenfunmon275_299.png
> eigenfunction montage between 300 and 324 is  written to Results/000017/eigenfunmon300_324.png
> eigenfunction montage between 325 and 349 is  written to Results/000017/eigenfunmon325_349.png
> eigenfunction montage between 350 and 374 is  written to Results/000017/eigenfunmon350_374.png
> eigenfunction montage between 375 and 399 is  written to Results/000017/eigenfunmon375_399.png
> eigenfunction montage between 400 and 424 is  written to Results/000017/eigenfunmon400_424.png
> eigenfunction montage between 425 and 449 is  written to Results/000017/eigenfunmon425_449.png
> eigenfunction montage between 450 and 474 is  written to Results/000017/eigenfunmon450_474.png
> eigenfunction montage between 475 and 499 is  written to Results/000017/eigenfunmon475_499.png
