firedrake:WARNING OMP_NUM_THREADS is not set or is set to a value greater than 1, we suggest setting OMP_NUM_THREADS=1 to improve performance
> subdirectory name:000015
> run parameters written to Results/000015/Parameter.json
> evaluating coefficient
> coefficient plotted to Results/000015/coefficient.png
> computed 1096 eigenvalues.
> eigenfunction 0 plotted to Results/000015/eigenfun00000.png
> eigenfunction 1 plotted to Results/000015/eigenfun00001.png
> eigenfunction 2 plotted to Results/000015/eigenfun00002.png
> eigenfunction 3 plotted to Results/000015/eigenfun00003.png
> eigenfunction 4 plotted to Results/000015/eigenfun00004.png
> eigenfunction 5 plotted to Results/000015/eigenfun00005.png
> eigenfunction 6 plotted to Results/000015/eigenfun00006.png
> eigenfunction 7 plotted to Results/000015/eigenfun00007.png
> eigenfunction 8 plotted to Results/000015/eigenfun00008.png
> eigenfunction 9 plotted to Results/000015/eigenfun00009.png
> eigenfunction 10 plotted to Results/000015/eigenfun00010.png
> eigenfunction 11 plotted to Results/000015/eigenfun00011.png
> eigenfunction 12 plotted to Results/000015/eigenfun00012.png
> eigenfunction 13 plotted to Results/000015/eigenfun00013.png
> eigenfunction 14 plotted to Results/000015/eigenfun00014.png
> eigenfunction 15 plotted to Results/000015/eigenfun00015.png
> eigenfunction 16 plotted to Results/000015/eigenfun00016.png
> eigenfunction 17 plotted to Results/000015/eigenfun00017.png
> eigenfunction 18 plotted to Results/000015/eigenfun00018.png
> eigenfunction 19 plotted to Results/000015/eigenfun00019.png
> eigenfunction 20 plotted to Results/000015/eigenfun00020.png
> eigenfunction 21 plotted to Results/000015/eigenfun00021.png
> eigenfunction 22 plotted to Results/000015/eigenfun00022.png
> eigenfunction 23 plotted to Results/000015/eigenfun00023.png
> eigenfunction 24 plotted to Results/000015/eigenfun00024.png
> eigenfunction 25 plotted to Results/000015/eigenfun00025.png
> eigenfunction 26 plotted to Results/000015/eigenfun00026.png
> eigenfunction 27 plotted to Results/000015/eigenfun00027.png
> eigenfunction 28 plotted to Results/000015/eigenfun00028.png
> eigenfunction 29 plotted to Results/000015/eigenfun00029.png
> eigenfunction 30 plotted to Results/000015/eigenfun00030.png
> eigenfunction 31 plotted to Results/000015/eigenfun00031.png
> eigenfunction 32 plotted to Results/000015/eigenfun00032.png
> eigenfunction 33 plotted to Results/000015/eigenfun00033.png
> eigenfunction 34 plotted to Results/000015/eigenfun00034.png
> eigenfunction 35 plotted to Results/000015/eigenfun00035.png
> eigenfunction 36 plotted to Results/000015/eigenfun00036.png
> eigenfunction 37 plotted to Results/000015/eigenfun00037.png
> eigenfunction 38 plotted to Results/000015/eigenfun00038.png
> eigenfunction 39 plotted to Results/000015/eigenfun00039.png
> eigenfunction 40 plotted to Results/000015/eigenfun00040.png
> eigenfunction 41 plotted to Results/000015/eigenfun00041.png
> eigenfunction 42 plotted to Results/000015/eigenfun00042.png
> eigenfunction 43 plotted to Results/000015/eigenfun00043.png
> eigenfunction 44 plotted to Results/000015/eigenfun00044.png
> eigenfunction 45 plotted to Results/000015/eigenfun00045.png
> eigenfunction 46 plotted to Results/000015/eigenfun00046.png
> eigenfunction 47 plotted to Results/000015/eigenfun00047.png
> eigenfunction 48 plotted to Results/000015/eigenfun00048.png
> eigenfunction 49 plotted to Results/000015/eigenfun00049.png
> eigenfunction 50 plotted to Results/000015/eigenfun00050.png
> eigenfunction 51 plotted to Results/000015/eigenfun00051.png
> eigenfunction 52 plotted to Results/000015/eigenfun00052.png
> eigenfunction 53 plotted to Results/000015/eigenfun00053.png
> eigenfunction 54 plotted to Results/000015/eigenfun00054.png
> eigenfunction 55 plotted to Results/000015/eigenfun00055.png
> eigenfunction 56 plotted to Results/000015/eigenfun00056.png
> eigenfunction 57 plotted to Results/000015/eigenfun00057.png
> eigenfunction 58 plotted to Results/000015/eigenfun00058.png
> eigenfunction 59 plotted to Results/000015/eigenfun00059.png
> eigenfunction 60 plotted to Results/000015/eigenfun00060.png
> eigenfunction 61 plotted to Results/000015/eigenfun00061.png
> eigenfunction 62 plotted to Results/000015/eigenfun00062.png
> eigenfunction 63 plotted to Results/000015/eigenfun00063.png
> eigenfunction 64 plotted to Results/000015/eigenfun00064.png
> eigenfunction 65 plotted to Results/000015/eigenfun00065.png
> eigenfunction 66 plotted to Results/000015/eigenfun00066.png
> eigenfunction 67 plotted to Results/000015/eigenfun00067.png
> eigenfunction 68 plotted to Results/000015/eigenfun00068.png
> eigenfunction 69 plotted to Results/000015/eigenfun00069.png
> eigenfunction 70 plotted to Results/000015/eigenfun00070.png
> eigenfunction 71 plotted to Results/000015/eigenfun00071.png
> eigenfunction 72 plotted to Results/000015/eigenfun00072.png
> eigenfunction 73 plotted to Results/000015/eigenfun00073.png
> eigenfunction 74 plotted to Results/000015/eigenfun00074.png
> eigenfunction 75 plotted to Results/000015/eigenfun00075.png
> eigenfunction 76 plotted to Results/000015/eigenfun00076.png
> eigenfunction 77 plotted to Results/000015/eigenfun00077.png
> eigenfunction 78 plotted to Results/000015/eigenfun00078.png
> eigenfunction 79 plotted to Results/000015/eigenfun00079.png
> eigenfunction 80 plotted to Results/000015/eigenfun00080.png
> eigenfunction 81 plotted to Results/000015/eigenfun00081.png
> eigenfunction 82 plotted to Results/000015/eigenfun00082.png
> eigenfunction 83 plotted to Results/000015/eigenfun00083.png
> eigenfunction 84 plotted to Results/000015/eigenfun00084.png
> eigenfunction 85 plotted to Results/000015/eigenfun00085.png
> eigenfunction 86 plotted to Results/000015/eigenfun00086.png
> eigenfunction 87 plotted to Results/000015/eigenfun00087.png
> eigenfunction 88 plotted to Results/000015/eigenfun00088.png
> eigenfunction 89 plotted to Results/000015/eigenfun00089.png
> eigenfunction 90 plotted to Results/000015/eigenfun00090.png
> eigenfunction 91 plotted to Results/000015/eigenfun00091.png
> eigenfunction 92 plotted to Results/000015/eigenfun00092.png
> eigenfunction 93 plotted to Results/000015/eigenfun00093.png
> eigenfunction 94 plotted to Results/000015/eigenfun00094.png
> eigenfunction 95 plotted to Results/000015/eigenfun00095.png
> eigenfunction 96 plotted to Results/000015/eigenfun00096.png
> eigenfunction 97 plotted to Results/000015/eigenfun00097.png
> eigenfunction 98 plotted to Results/000015/eigenfun00098.png
> eigenfunction 99 plotted to Results/000015/eigenfun00099.png
> eigenfunction 100 plotted to Results/000015/eigenfun00100.png
> eigenfunction 101 plotted to Results/000015/eigenfun00101.png
> eigenfunction 102 plotted to Results/000015/eigenfun00102.png
> eigenfunction 103 plotted to Results/000015/eigenfun00103.png
> eigenfunction 104 plotted to Results/000015/eigenfun00104.png
> eigenfunction 105 plotted to Results/000015/eigenfun00105.png
> eigenfunction 106 plotted to Results/000015/eigenfun00106.png
> eigenfunction 107 plotted to Results/000015/eigenfun00107.png
> eigenfunction 108 plotted to Results/000015/eigenfun00108.png
> eigenfunction 109 plotted to Results/000015/eigenfun00109.png
> eigenfunction 110 plotted to Results/000015/eigenfun00110.png
> eigenfunction 111 plotted to Results/000015/eigenfun00111.png
> eigenfunction 112 plotted to Results/000015/eigenfun00112.png
> eigenfunction 113 plotted to Results/000015/eigenfun00113.png
> eigenfunction 114 plotted to Results/000015/eigenfun00114.png
> eigenfunction 115 plotted to Results/000015/eigenfun00115.png
> eigenfunction 116 plotted to Results/000015/eigenfun00116.png
> eigenfunction 117 plotted to Results/000015/eigenfun00117.png
> eigenfunction 118 plotted to Results/000015/eigenfun00118.png
> eigenfunction 119 plotted to Results/000015/eigenfun00119.png
> eigenfunction 120 plotted to Results/000015/eigenfun00120.png
> eigenfunction 121 plotted to Results/000015/eigenfun00121.png
> eigenfunction 122 plotted to Results/000015/eigenfun00122.png
> eigenfunction 123 plotted to Results/000015/eigenfun00123.png
> eigenfunction 124 plotted to Results/000015/eigenfun00124.png
> eigenfunction 125 plotted to Results/000015/eigenfun00125.png
> eigenfunction 126 plotted to Results/000015/eigenfun00126.png
> eigenfunction 127 plotted to Results/000015/eigenfun00127.png
> eigenfunction 128 plotted to Results/000015/eigenfun00128.png
> eigenfunction 129 plotted to Results/000015/eigenfun00129.png
> eigenfunction 130 plotted to Results/000015/eigenfun00130.png
> eigenfunction 131 plotted to Results/000015/eigenfun00131.png
> eigenfunction 132 plotted to Results/000015/eigenfun00132.png
> eigenfunction 133 plotted to Results/000015/eigenfun00133.png
> eigenfunction 134 plotted to Results/000015/eigenfun00134.png
> eigenfunction 135 plotted to Results/000015/eigenfun00135.png
> eigenfunction 136 plotted to Results/000015/eigenfun00136.png
> eigenfunction 137 plotted to Results/000015/eigenfun00137.png
> eigenfunction 138 plotted to Results/000015/eigenfun00138.png
> eigenfunction 139 plotted to Results/000015/eigenfun00139.png
> eigenfunction 140 plotted to Results/000015/eigenfun00140.png
> eigenfunction 141 plotted to Results/000015/eigenfun00141.png
> eigenfunction 142 plotted to Results/000015/eigenfun00142.png
> eigenfunction 143 plotted to Results/000015/eigenfun00143.png
> eigenfunction 144 plotted to Results/000015/eigenfun00144.png
> eigenfunction 145 plotted to Results/000015/eigenfun00145.png
> eigenfunction 146 plotted to Results/000015/eigenfun00146.png
> eigenfunction 147 plotted to Results/000015/eigenfun00147.png
> eigenfunction 148 plotted to Results/000015/eigenfun00148.png
> eigenfunction 149 plotted to Results/000015/eigenfun00149.png
> eigenfunction 150 plotted to Results/000015/eigenfun00150.png
> eigenfunction 151 plotted to Results/000015/eigenfun00151.png
> eigenfunction 152 plotted to Results/000015/eigenfun00152.png
> eigenfunction 153 plotted to Results/000015/eigenfun00153.png
> eigenfunction 154 plotted to Results/000015/eigenfun00154.png
> eigenfunction 155 plotted to Results/000015/eigenfun00155.png
> eigenfunction 156 plotted to Results/000015/eigenfun00156.png
> eigenfunction 157 plotted to Results/000015/eigenfun00157.png
> eigenfunction 158 plotted to Results/000015/eigenfun00158.png
> eigenfunction 159 plotted to Results/000015/eigenfun00159.png
> eigenfunction 160 plotted to Results/000015/eigenfun00160.png
> eigenfunction 161 plotted to Results/000015/eigenfun00161.png
> eigenfunction 162 plotted to Results/000015/eigenfun00162.png
> eigenfunction 163 plotted to Results/000015/eigenfun00163.png
> eigenfunction 164 plotted to Results/000015/eigenfun00164.png
> eigenfunction 165 plotted to Results/000015/eigenfun00165.png
> eigenfunction 166 plotted to Results/000015/eigenfun00166.png
> eigenfunction 167 plotted to Results/000015/eigenfun00167.png
> eigenfunction 168 plotted to Results/000015/eigenfun00168.png
> eigenfunction 169 plotted to Results/000015/eigenfun00169.png
> eigenfunction 170 plotted to Results/000015/eigenfun00170.png
> eigenfunction 171 plotted to Results/000015/eigenfun00171.png
> eigenfunction 172 plotted to Results/000015/eigenfun00172.png
> eigenfunction 173 plotted to Results/000015/eigenfun00173.png
> eigenfunction 174 plotted to Results/000015/eigenfun00174.png
> eigenfunction 175 plotted to Results/000015/eigenfun00175.png
> eigenfunction 176 plotted to Results/000015/eigenfun00176.png
> eigenfunction 177 plotted to Results/000015/eigenfun00177.png
> eigenfunction 178 plotted to Results/000015/eigenfun00178.png
> eigenfunction 179 plotted to Results/000015/eigenfun00179.png
> eigenfunction 180 plotted to Results/000015/eigenfun00180.png
> eigenfunction 181 plotted to Results/000015/eigenfun00181.png
> eigenfunction 182 plotted to Results/000015/eigenfun00182.png
> eigenfunction 183 plotted to Results/000015/eigenfun00183.png
> eigenfunction 184 plotted to Results/000015/eigenfun00184.png
> eigenfunction 185 plotted to Results/000015/eigenfun00185.png
> eigenfunction 186 plotted to Results/000015/eigenfun00186.png
> eigenfunction 187 plotted to Results/000015/eigenfun00187.png
> eigenfunction 188 plotted to Results/000015/eigenfun00188.png
> eigenfunction 189 plotted to Results/000015/eigenfun00189.png
> eigenfunction 190 plotted to Results/000015/eigenfun00190.png
> eigenfunction 191 plotted to Results/000015/eigenfun00191.png
> eigenfunction 192 plotted to Results/000015/eigenfun00192.png
> eigenfunction 193 plotted to Results/000015/eigenfun00193.png
> eigenfunction 194 plotted to Results/000015/eigenfun00194.png
> eigenfunction 195 plotted to Results/000015/eigenfun00195.png
> eigenfunction 196 plotted to Results/000015/eigenfun00196.png
> eigenfunction 197 plotted to Results/000015/eigenfun00197.png
> eigenfunction 198 plotted to Results/000015/eigenfun00198.png
> eigenfunction 199 plotted to Results/000015/eigenfun00199.png
> eigenfunction 200 plotted to Results/000015/eigenfun00200.png
> eigenfunction 201 plotted to Results/000015/eigenfun00201.png
> eigenfunction 202 plotted to Results/000015/eigenfun00202.png
> eigenfunction 203 plotted to Results/000015/eigenfun00203.png
> eigenfunction 204 plotted to Results/000015/eigenfun00204.png
> eigenfunction 205 plotted to Results/000015/eigenfun00205.png
> eigenfunction 206 plotted to Results/000015/eigenfun00206.png
> eigenfunction 207 plotted to Results/000015/eigenfun00207.png
> eigenfunction 208 plotted to Results/000015/eigenfun00208.png
> eigenfunction 209 plotted to Results/000015/eigenfun00209.png
> eigenfunction 210 plotted to Results/000015/eigenfun00210.png
> eigenfunction 211 plotted to Results/000015/eigenfun00211.png
> eigenfunction 212 plotted to Results/000015/eigenfun00212.png
> eigenfunction 213 plotted to Results/000015/eigenfun00213.png
> eigenfunction 214 plotted to Results/000015/eigenfun00214.png
> eigenfunction 215 plotted to Results/000015/eigenfun00215.png
> eigenfunction 216 plotted to Results/000015/eigenfun00216.png
> eigenfunction 217 plotted to Results/000015/eigenfun00217.png
> eigenfunction 218 plotted to Results/000015/eigenfun00218.png
> eigenfunction 219 plotted to Results/000015/eigenfun00219.png
> eigenfunction 220 plotted to Results/000015/eigenfun00220.png
> eigenfunction 221 plotted to Results/000015/eigenfun00221.png
> eigenfunction 222 plotted to Results/000015/eigenfun00222.png
> eigenfunction 223 plotted to Results/000015/eigenfun00223.png
> eigenfunction 224 plotted to Results/000015/eigenfun00224.png
> eigenfunction 225 plotted to Results/000015/eigenfun00225.png
> eigenfunction 226 plotted to Results/000015/eigenfun00226.png
> eigenfunction 227 plotted to Results/000015/eigenfun00227.png
> eigenfunction 228 plotted to Results/000015/eigenfun00228.png
> eigenfunction 229 plotted to Results/000015/eigenfun00229.png
> eigenfunction 230 plotted to Results/000015/eigenfun00230.png
> eigenfunction 231 plotted to Results/000015/eigenfun00231.png
> eigenfunction 232 plotted to Results/000015/eigenfun00232.png
> eigenfunction 233 plotted to Results/000015/eigenfun00233.png
> eigenfunction 234 plotted to Results/000015/eigenfun00234.png
> eigenfunction 235 plotted to Results/000015/eigenfun00235.png
> eigenfunction 236 plotted to Results/000015/eigenfun00236.png
> eigenfunction 237 plotted to Results/000015/eigenfun00237.png
> eigenfunction 238 plotted to Results/000015/eigenfun00238.png
> eigenfunction 239 plotted to Results/000015/eigenfun00239.png
> eigenfunction 240 plotted to Results/000015/eigenfun00240.png
> eigenfunction 241 plotted to Results/000015/eigenfun00241.png
> eigenfunction 242 plotted to Results/000015/eigenfun00242.png
> eigenfunction 243 plotted to Results/000015/eigenfun00243.png
> eigenfunction 244 plotted to Results/000015/eigenfun00244.png
> eigenfunction 245 plotted to Results/000015/eigenfun00245.png
> eigenfunction 246 plotted to Results/000015/eigenfun00246.png
> eigenfunction 247 plotted to Results/000015/eigenfun00247.png
> eigenfunction 248 plotted to Results/000015/eigenfun00248.png
> eigenfunction 249 plotted to Results/000015/eigenfun00249.png
> eigenfunction 250 plotted to Results/000015/eigenfun00250.png
> eigenfunction 251 plotted to Results/000015/eigenfun00251.png
> eigenfunction 252 plotted to Results/000015/eigenfun00252.png
> eigenfunction 253 plotted to Results/000015/eigenfun00253.png
> eigenfunction 254 plotted to Results/000015/eigenfun00254.png
> eigenfunction 255 plotted to Results/000015/eigenfun00255.png
> eigenfunction 256 plotted to Results/000015/eigenfun00256.png
> eigenfunction 257 plotted to Results/000015/eigenfun00257.png
> eigenfunction 258 plotted to Results/000015/eigenfun00258.png
> eigenfunction 259 plotted to Results/000015/eigenfun00259.png
> eigenfunction 260 plotted to Results/000015/eigenfun00260.png
> eigenfunction 261 plotted to Results/000015/eigenfun00261.png
> eigenfunction 262 plotted to Results/000015/eigenfun00262.png
> eigenfunction 263 plotted to Results/000015/eigenfun00263.png
> eigenfunction 264 plotted to Results/000015/eigenfun00264.png
> eigenfunction 265 plotted to Results/000015/eigenfun00265.png
> eigenfunction 266 plotted to Results/000015/eigenfun00266.png
> eigenfunction 267 plotted to Results/000015/eigenfun00267.png
> eigenfunction 268 plotted to Results/000015/eigenfun00268.png
> eigenfunction 269 plotted to Results/000015/eigenfun00269.png
> eigenfunction 270 plotted to Results/000015/eigenfun00270.png
> eigenfunction 271 plotted to Results/000015/eigenfun00271.png
> eigenfunction 272 plotted to Results/000015/eigenfun00272.png
> eigenfunction 273 plotted to Results/000015/eigenfun00273.png
> eigenfunction 274 plotted to Results/000015/eigenfun00274.png
> eigenfunction 275 plotted to Results/000015/eigenfun00275.png
> eigenfunction 276 plotted to Results/000015/eigenfun00276.png
> eigenfunction 277 plotted to Results/000015/eigenfun00277.png
> eigenfunction 278 plotted to Results/000015/eigenfun00278.png
> eigenfunction 279 plotted to Results/000015/eigenfun00279.png
> eigenfunction 280 plotted to Results/000015/eigenfun00280.png
> eigenfunction 281 plotted to Results/000015/eigenfun00281.png
> eigenfunction 282 plotted to Results/000015/eigenfun00282.png
> eigenfunction 283 plotted to Results/000015/eigenfun00283.png
> eigenfunction 284 plotted to Results/000015/eigenfun00284.png
> eigenfunction 285 plotted to Results/000015/eigenfun00285.png
> eigenfunction 286 plotted to Results/000015/eigenfun00286.png
> eigenfunction 287 plotted to Results/000015/eigenfun00287.png
> eigenfunction 288 plotted to Results/000015/eigenfun00288.png
> eigenfunction 289 plotted to Results/000015/eigenfun00289.png
> eigenfunction 290 plotted to Results/000015/eigenfun00290.png
> eigenfunction 291 plotted to Results/000015/eigenfun00291.png
> eigenfunction 292 plotted to Results/000015/eigenfun00292.png
> eigenfunction 293 plotted to Results/000015/eigenfun00293.png
> eigenfunction 294 plotted to Results/000015/eigenfun00294.png
> eigenfunction 295 plotted to Results/000015/eigenfun00295.png
> eigenfunction 296 plotted to Results/000015/eigenfun00296.png
> eigenfunction 297 plotted to Results/000015/eigenfun00297.png
> eigenfunction 298 plotted to Results/000015/eigenfun00298.png
> eigenfunction 299 plotted to Results/000015/eigenfun00299.png
> eigenfunction 300 plotted to Results/000015/eigenfun00300.png
> eigenfunction 301 plotted to Results/000015/eigenfun00301.png
> eigenfunction 302 plotted to Results/000015/eigenfun00302.png
> eigenfunction 303 plotted to Results/000015/eigenfun00303.png
> eigenfunction 304 plotted to Results/000015/eigenfun00304.png
> eigenfunction 305 plotted to Results/000015/eigenfun00305.png
> eigenfunction 306 plotted to Results/000015/eigenfun00306.png
> eigenfunction 307 plotted to Results/000015/eigenfun00307.png
> eigenfunction 308 plotted to Results/000015/eigenfun00308.png
> eigenfunction 309 plotted to Results/000015/eigenfun00309.png
> eigenfunction 310 plotted to Results/000015/eigenfun00310.png
> eigenfunction 311 plotted to Results/000015/eigenfun00311.png
> eigenfunction 312 plotted to Results/000015/eigenfun00312.png
> eigenfunction 313 plotted to Results/000015/eigenfun00313.png
> eigenfunction 314 plotted to Results/000015/eigenfun00314.png
> eigenfunction 315 plotted to Results/000015/eigenfun00315.png
> eigenfunction 316 plotted to Results/000015/eigenfun00316.png
> eigenfunction 317 plotted to Results/000015/eigenfun00317.png
> eigenfunction 318 plotted to Results/000015/eigenfun00318.png
> eigenfunction 319 plotted to Results/000015/eigenfun00319.png
> eigenfunction 320 plotted to Results/000015/eigenfun00320.png
> eigenfunction 321 plotted to Results/000015/eigenfun00321.png
> eigenfunction 322 plotted to Results/000015/eigenfun00322.png
> eigenfunction 323 plotted to Results/000015/eigenfun00323.png
> eigenfunction 324 plotted to Results/000015/eigenfun00324.png
> eigenfunction 325 plotted to Results/000015/eigenfun00325.png
> eigenfunction 326 plotted to Results/000015/eigenfun00326.png
> eigenfunction 327 plotted to Results/000015/eigenfun00327.png
> eigenfunction 328 plotted to Results/000015/eigenfun00328.png
> eigenfunction 329 plotted to Results/000015/eigenfun00329.png
> eigenfunction 330 plotted to Results/000015/eigenfun00330.png
> eigenfunction 331 plotted to Results/000015/eigenfun00331.png
> eigenfunction 332 plotted to Results/000015/eigenfun00332.png
> eigenfunction 333 plotted to Results/000015/eigenfun00333.png
> eigenfunction 334 plotted to Results/000015/eigenfun00334.png
> eigenfunction 335 plotted to Results/000015/eigenfun00335.png
> eigenfunction 336 plotted to Results/000015/eigenfun00336.png
> eigenfunction 337 plotted to Results/000015/eigenfun00337.png
> eigenfunction 338 plotted to Results/000015/eigenfun00338.png
> eigenfunction 339 plotted to Results/000015/eigenfun00339.png
> eigenfunction 340 plotted to Results/000015/eigenfun00340.png
> eigenfunction 341 plotted to Results/000015/eigenfun00341.png
> eigenfunction 342 plotted to Results/000015/eigenfun00342.png
> eigenfunction 343 plotted to Results/000015/eigenfun00343.png
> eigenfunction 344 plotted to Results/000015/eigenfun00344.png
> eigenfunction 345 plotted to Results/000015/eigenfun00345.png
> eigenfunction 346 plotted to Results/000015/eigenfun00346.png
> eigenfunction 347 plotted to Results/000015/eigenfun00347.png
> eigenfunction 348 plotted to Results/000015/eigenfun00348.png
> eigenfunction 349 plotted to Results/000015/eigenfun00349.png
> eigenfunction 350 plotted to Results/000015/eigenfun00350.png
> eigenfunction 351 plotted to Results/000015/eigenfun00351.png
> eigenfunction 352 plotted to Results/000015/eigenfun00352.png
> eigenfunction 353 plotted to Results/000015/eigenfun00353.png
> eigenfunction 354 plotted to Results/000015/eigenfun00354.png
> eigenfunction 355 plotted to Results/000015/eigenfun00355.png
> eigenfunction 356 plotted to Results/000015/eigenfun00356.png
> eigenfunction 357 plotted to Results/000015/eigenfun00357.png
> eigenfunction 358 plotted to Results/000015/eigenfun00358.png
> eigenfunction 359 plotted to Results/000015/eigenfun00359.png
> eigenfunction 360 plotted to Results/000015/eigenfun00360.png
> eigenfunction 361 plotted to Results/000015/eigenfun00361.png
> eigenfunction 362 plotted to Results/000015/eigenfun00362.png
> eigenfunction 363 plotted to Results/000015/eigenfun00363.png
> eigenfunction 364 plotted to Results/000015/eigenfun00364.png
> eigenfunction 365 plotted to Results/000015/eigenfun00365.png
> eigenfunction 366 plotted to Results/000015/eigenfun00366.png
> eigenfunction 367 plotted to Results/000015/eigenfun00367.png
> eigenfunction 368 plotted to Results/000015/eigenfun00368.png
> eigenfunction 369 plotted to Results/000015/eigenfun00369.png
> eigenfunction 370 plotted to Results/000015/eigenfun00370.png
> eigenfunction 371 plotted to Results/000015/eigenfun00371.png
> eigenfunction 372 plotted to Results/000015/eigenfun00372.png
> eigenfunction 373 plotted to Results/000015/eigenfun00373.png
> eigenfunction 374 plotted to Results/000015/eigenfun00374.png
> eigenfunction 375 plotted to Results/000015/eigenfun00375.png
> eigenfunction 376 plotted to Results/000015/eigenfun00376.png
> eigenfunction 377 plotted to Results/000015/eigenfun00377.png
> eigenfunction 378 plotted to Results/000015/eigenfun00378.png
> eigenfunction 379 plotted to Results/000015/eigenfun00379.png
> eigenfunction 380 plotted to Results/000015/eigenfun00380.png
> eigenfunction 381 plotted to Results/000015/eigenfun00381.png
> eigenfunction 382 plotted to Results/000015/eigenfun00382.png
> eigenfunction 383 plotted to Results/000015/eigenfun00383.png
> eigenfunction 384 plotted to Results/000015/eigenfun00384.png
> eigenfunction 385 plotted to Results/000015/eigenfun00385.png
> eigenfunction 386 plotted to Results/000015/eigenfun00386.png
> eigenfunction 387 plotted to Results/000015/eigenfun00387.png
> eigenfunction 388 plotted to Results/000015/eigenfun00388.png
> eigenfunction 389 plotted to Results/000015/eigenfun00389.png
> eigenfunction 390 plotted to Results/000015/eigenfun00390.png
> eigenfunction 391 plotted to Results/000015/eigenfun00391.png
> eigenfunction 392 plotted to Results/000015/eigenfun00392.png
> eigenfunction 393 plotted to Results/000015/eigenfun00393.png
> eigenfunction 394 plotted to Results/000015/eigenfun00394.png
> eigenfunction 395 plotted to Results/000015/eigenfun00395.png
> eigenfunction 396 plotted to Results/000015/eigenfun00396.png
> eigenfunction 397 plotted to Results/000015/eigenfun00397.png
> eigenfunction 398 plotted to Results/000015/eigenfun00398.png
> eigenfunction 399 plotted to Results/000015/eigenfun00399.png
> eigenfunction 400 plotted to Results/000015/eigenfun00400.png
> eigenfunction 401 plotted to Results/000015/eigenfun00401.png
> eigenfunction 402 plotted to Results/000015/eigenfun00402.png
> eigenfunction 403 plotted to Results/000015/eigenfun00403.png
> eigenfunction 404 plotted to Results/000015/eigenfun00404.png
> eigenfunction 405 plotted to Results/000015/eigenfun00405.png
> eigenfunction 406 plotted to Results/000015/eigenfun00406.png
> eigenfunction 407 plotted to Results/000015/eigenfun00407.png
> eigenfunction 408 plotted to Results/000015/eigenfun00408.png
> eigenfunction 409 plotted to Results/000015/eigenfun00409.png
> eigenfunction 410 plotted to Results/000015/eigenfun00410.png
> eigenfunction 411 plotted to Results/000015/eigenfun00411.png
> eigenfunction 412 plotted to Results/000015/eigenfun00412.png
> eigenfunction 413 plotted to Results/000015/eigenfun00413.png
> eigenfunction 414 plotted to Results/000015/eigenfun00414.png
> eigenfunction 415 plotted to Results/000015/eigenfun00415.png
> eigenfunction 416 plotted to Results/000015/eigenfun00416.png
> eigenfunction 417 plotted to Results/000015/eigenfun00417.png
> eigenfunction 418 plotted to Results/000015/eigenfun00418.png
> eigenfunction 419 plotted to Results/000015/eigenfun00419.png
> eigenfunction 420 plotted to Results/000015/eigenfun00420.png
> eigenfunction 421 plotted to Results/000015/eigenfun00421.png
> eigenfunction 422 plotted to Results/000015/eigenfun00422.png
> eigenfunction 423 plotted to Results/000015/eigenfun00423.png
> eigenfunction 424 plotted to Results/000015/eigenfun00424.png
> eigenfunction 425 plotted to Results/000015/eigenfun00425.png
> eigenfunction 426 plotted to Results/000015/eigenfun00426.png
> eigenfunction 427 plotted to Results/000015/eigenfun00427.png
> eigenfunction 428 plotted to Results/000015/eigenfun00428.png
> eigenfunction 429 plotted to Results/000015/eigenfun00429.png
> eigenfunction 430 plotted to Results/000015/eigenfun00430.png
> eigenfunction 431 plotted to Results/000015/eigenfun00431.png
> eigenfunction 432 plotted to Results/000015/eigenfun00432.png
> eigenfunction 433 plotted to Results/000015/eigenfun00433.png
> eigenfunction 434 plotted to Results/000015/eigenfun00434.png
> eigenfunction 435 plotted to Results/000015/eigenfun00435.png
> eigenfunction 436 plotted to Results/000015/eigenfun00436.png
> eigenfunction 437 plotted to Results/000015/eigenfun00437.png
> eigenfunction 438 plotted to Results/000015/eigenfun00438.png
> eigenfunction 439 plotted to Results/000015/eigenfun00439.png
> eigenfunction 440 plotted to Results/000015/eigenfun00440.png
> eigenfunction 441 plotted to Results/000015/eigenfun00441.png
> eigenfunction 442 plotted to Results/000015/eigenfun00442.png
> eigenfunction 443 plotted to Results/000015/eigenfun00443.png
> eigenfunction 444 plotted to Results/000015/eigenfun00444.png
> eigenfunction 445 plotted to Results/000015/eigenfun00445.png
> eigenfunction 446 plotted to Results/000015/eigenfun00446.png
> eigenfunction 447 plotted to Results/000015/eigenfun00447.png
> eigenfunction 448 plotted to Results/000015/eigenfun00448.png
> eigenfunction 449 plotted to Results/000015/eigenfun00449.png
> eigenfunction 450 plotted to Results/000015/eigenfun00450.png
> eigenfunction 451 plotted to Results/000015/eigenfun00451.png
> eigenfunction 452 plotted to Results/000015/eigenfun00452.png
> eigenfunction 453 plotted to Results/000015/eigenfun00453.png
> eigenfunction 454 plotted to Results/000015/eigenfun00454.png
> eigenfunction 455 plotted to Results/000015/eigenfun00455.png
> eigenfunction 456 plotted to Results/000015/eigenfun00456.png
> eigenfunction 457 plotted to Results/000015/eigenfun00457.png
> eigenfunction 458 plotted to Results/000015/eigenfun00458.png
> eigenfunction 459 plotted to Results/000015/eigenfun00459.png
> eigenfunction 460 plotted to Results/000015/eigenfun00460.png
> eigenfunction 461 plotted to Results/000015/eigenfun00461.png
> eigenfunction 462 plotted to Results/000015/eigenfun00462.png
> eigenfunction 463 plotted to Results/000015/eigenfun00463.png
> eigenfunction 464 plotted to Results/000015/eigenfun00464.png
> eigenfunction 465 plotted to Results/000015/eigenfun00465.png
> eigenfunction 466 plotted to Results/000015/eigenfun00466.png
> eigenfunction 467 plotted to Results/000015/eigenfun00467.png
> eigenfunction 468 plotted to Results/000015/eigenfun00468.png
> eigenfunction 469 plotted to Results/000015/eigenfun00469.png
> eigenfunction 470 plotted to Results/000015/eigenfun00470.png
> eigenfunction 471 plotted to Results/000015/eigenfun00471.png
> eigenfunction 472 plotted to Results/000015/eigenfun00472.png
> eigenfunction 473 plotted to Results/000015/eigenfun00473.png
> eigenfunction 474 plotted to Results/000015/eigenfun00474.png
> eigenfunction 475 plotted to Results/000015/eigenfun00475.png
> eigenfunction 476 plotted to Results/000015/eigenfun00476.png
> eigenfunction 477 plotted to Results/000015/eigenfun00477.png
> eigenfunction 478 plotted to Results/000015/eigenfun00478.png
> eigenfunction 479 plotted to Results/000015/eigenfun00479.png
> eigenfunction 480 plotted to Results/000015/eigenfun00480.png
> eigenfunction 481 plotted to Results/000015/eigenfun00481.png
> eigenfunction 482 plotted to Results/000015/eigenfun00482.png
> eigenfunction 483 plotted to Results/000015/eigenfun00483.png
> eigenfunction 484 plotted to Results/000015/eigenfun00484.png
> eigenfunction 485 plotted to Results/000015/eigenfun00485.png
> eigenfunction 486 plotted to Results/000015/eigenfun00486.png
> eigenfunction 487 plotted to Results/000015/eigenfun00487.png
> eigenfunction 488 plotted to Results/000015/eigenfun00488.png
> eigenfunction 489 plotted to Results/000015/eigenfun00489.png
> eigenfunction 490 plotted to Results/000015/eigenfun00490.png
> eigenfunction 491 plotted to Results/000015/eigenfun00491.png
> eigenfunction 492 plotted to Results/000015/eigenfun00492.png
> eigenfunction 493 plotted to Results/000015/eigenfun00493.png
> eigenfunction 494 plotted to Results/000015/eigenfun00494.png
> eigenfunction 495 plotted to Results/000015/eigenfun00495.png
> eigenfunction 496 plotted to Results/000015/eigenfun00496.png
> eigenfunction 497 plotted to Results/000015/eigenfun00497.png
> eigenfunction 498 plotted to Results/000015/eigenfun00498.png
> eigenfunction 499 plotted to Results/000015/eigenfun00499.png
> eigenfunction 500 plotted to Results/000015/eigenfun00500.png
> eigenfunction 501 plotted to Results/000015/eigenfun00501.png
> eigenfunction 502 plotted to Results/000015/eigenfun00502.png
> eigenfunction 503 plotted to Results/000015/eigenfun00503.png
> eigenfunction 504 plotted to Results/000015/eigenfun00504.png
> eigenfunction 505 plotted to Results/000015/eigenfun00505.png
> eigenfunction 506 plotted to Results/000015/eigenfun00506.png
> eigenfunction 507 plotted to Results/000015/eigenfun00507.png
> eigenfunction 508 plotted to Results/000015/eigenfun00508.png
> eigenfunction 509 plotted to Results/000015/eigenfun00509.png
> eigenfunction 510 plotted to Results/000015/eigenfun00510.png
> eigenfunction 511 plotted to Results/000015/eigenfun00511.png
> eigenfunction 512 plotted to Results/000015/eigenfun00512.png
> eigenfunction 513 plotted to Results/000015/eigenfun00513.png
> eigenfunction 514 plotted to Results/000015/eigenfun00514.png
> eigenfunction 515 plotted to Results/000015/eigenfun00515.png
> eigenfunction 516 plotted to Results/000015/eigenfun00516.png
> eigenfunction 517 plotted to Results/000015/eigenfun00517.png
> eigenfunction 518 plotted to Results/000015/eigenfun00518.png
> eigenfunction 519 plotted to Results/000015/eigenfun00519.png
> eigenfunction 520 plotted to Results/000015/eigenfun00520.png
> eigenfunction 521 plotted to Results/000015/eigenfun00521.png
> eigenfunction 522 plotted to Results/000015/eigenfun00522.png
> eigenfunction 523 plotted to Results/000015/eigenfun00523.png
> eigenfunction 524 plotted to Results/000015/eigenfun00524.png
> eigenfunction 525 plotted to Results/000015/eigenfun00525.png
> eigenfunction 526 plotted to Results/000015/eigenfun00526.png
> eigenfunction 527 plotted to Results/000015/eigenfun00527.png
> eigenfunction 528 plotted to Results/000015/eigenfun00528.png
> eigenfunction 529 plotted to Results/000015/eigenfun00529.png
> eigenfunction 530 plotted to Results/000015/eigenfun00530.png
> eigenfunction 531 plotted to Results/000015/eigenfun00531.png
> eigenfunction 532 plotted to Results/000015/eigenfun00532.png
> eigenfunction 533 plotted to Results/000015/eigenfun00533.png
> eigenfunction 534 plotted to Results/000015/eigenfun00534.png
> eigenfunction 535 plotted to Results/000015/eigenfun00535.png
> eigenfunction 536 plotted to Results/000015/eigenfun00536.png
> eigenfunction 537 plotted to Results/000015/eigenfun00537.png
> eigenfunction 538 plotted to Results/000015/eigenfun00538.png
> eigenfunction 539 plotted to Results/000015/eigenfun00539.png
> eigenfunction 540 plotted to Results/000015/eigenfun00540.png
> eigenfunction 541 plotted to Results/000015/eigenfun00541.png
> eigenfunction 542 plotted to Results/000015/eigenfun00542.png
> eigenfunction 543 plotted to Results/000015/eigenfun00543.png
> eigenfunction 544 plotted to Results/000015/eigenfun00544.png
> eigenfunction 545 plotted to Results/000015/eigenfun00545.png
> eigenfunction 546 plotted to Results/000015/eigenfun00546.png
> eigenfunction 547 plotted to Results/000015/eigenfun00547.png
> eigenfunction 548 plotted to Results/000015/eigenfun00548.png
> eigenfunction 549 plotted to Results/000015/eigenfun00549.png
> eigenfunction 550 plotted to Results/000015/eigenfun00550.png
> eigenfunction 551 plotted to Results/000015/eigenfun00551.png
> eigenfunction 552 plotted to Results/000015/eigenfun00552.png
> eigenfunction 553 plotted to Results/000015/eigenfun00553.png
> eigenfunction 554 plotted to Results/000015/eigenfun00554.png
> eigenfunction 555 plotted to Results/000015/eigenfun00555.png
> eigenfunction 556 plotted to Results/000015/eigenfun00556.png
> eigenfunction 557 plotted to Results/000015/eigenfun00557.png
> eigenfunction 558 plotted to Results/000015/eigenfun00558.png
> eigenfunction 559 plotted to Results/000015/eigenfun00559.png
> eigenfunction 560 plotted to Results/000015/eigenfun00560.png
> eigenfunction 561 plotted to Results/000015/eigenfun00561.png
> eigenfunction 562 plotted to Results/000015/eigenfun00562.png
> eigenfunction 563 plotted to Results/000015/eigenfun00563.png
> eigenfunction 564 plotted to Results/000015/eigenfun00564.png
> eigenfunction 565 plotted to Results/000015/eigenfun00565.png
> eigenfunction 566 plotted to Results/000015/eigenfun00566.png
> eigenfunction 567 plotted to Results/000015/eigenfun00567.png
> eigenfunction 568 plotted to Results/000015/eigenfun00568.png
> eigenfunction 569 plotted to Results/000015/eigenfun00569.png
> eigenfunction 570 plotted to Results/000015/eigenfun00570.png
> eigenfunction 571 plotted to Results/000015/eigenfun00571.png
> eigenfunction 572 plotted to Results/000015/eigenfun00572.png
> eigenfunction 573 plotted to Results/000015/eigenfun00573.png
> eigenfunction 574 plotted to Results/000015/eigenfun00574.png
> eigenfunction 575 plotted to Results/000015/eigenfun00575.png
> eigenfunction 576 plotted to Results/000015/eigenfun00576.png
> eigenfunction 577 plotted to Results/000015/eigenfun00577.png
> eigenfunction 578 plotted to Results/000015/eigenfun00578.png
> eigenfunction 579 plotted to Results/000015/eigenfun00579.png
> eigenfunction 580 plotted to Results/000015/eigenfun00580.png
> eigenfunction 581 plotted to Results/000015/eigenfun00581.png
> eigenfunction 582 plotted to Results/000015/eigenfun00582.png
> eigenfunction 583 plotted to Results/000015/eigenfun00583.png
> eigenfunction 584 plotted to Results/000015/eigenfun00584.png
> eigenfunction 585 plotted to Results/000015/eigenfun00585.png
> eigenfunction 586 plotted to Results/000015/eigenfun00586.png
> eigenfunction 587 plotted to Results/000015/eigenfun00587.png
> eigenfunction 588 plotted to Results/000015/eigenfun00588.png
> eigenfunction 589 plotted to Results/000015/eigenfun00589.png
> eigenfunction 590 plotted to Results/000015/eigenfun00590.png
> eigenfunction 591 plotted to Results/000015/eigenfun00591.png
> eigenfunction 592 plotted to Results/000015/eigenfun00592.png
> eigenfunction 593 plotted to Results/000015/eigenfun00593.png
> eigenfunction 594 plotted to Results/000015/eigenfun00594.png
> eigenfunction 595 plotted to Results/000015/eigenfun00595.png
> eigenfunction 596 plotted to Results/000015/eigenfun00596.png
> eigenfunction 597 plotted to Results/000015/eigenfun00597.png
> eigenfunction 598 plotted to Results/000015/eigenfun00598.png
> eigenfunction 599 plotted to Results/000015/eigenfun00599.png
> eigenfunction 600 plotted to Results/000015/eigenfun00600.png
> eigenfunction 601 plotted to Results/000015/eigenfun00601.png
> eigenfunction 602 plotted to Results/000015/eigenfun00602.png
> eigenfunction 603 plotted to Results/000015/eigenfun00603.png
> eigenfunction 604 plotted to Results/000015/eigenfun00604.png
> eigenfunction 605 plotted to Results/000015/eigenfun00605.png
> eigenfunction 606 plotted to Results/000015/eigenfun00606.png
> eigenfunction 607 plotted to Results/000015/eigenfun00607.png
> eigenfunction 608 plotted to Results/000015/eigenfun00608.png
> eigenfunction 609 plotted to Results/000015/eigenfun00609.png
> eigenfunction 610 plotted to Results/000015/eigenfun00610.png
> eigenfunction 611 plotted to Results/000015/eigenfun00611.png
> eigenfunction 612 plotted to Results/000015/eigenfun00612.png
> eigenfunction 613 plotted to Results/000015/eigenfun00613.png
> eigenfunction 614 plotted to Results/000015/eigenfun00614.png
> eigenfunction 615 plotted to Results/000015/eigenfun00615.png
> eigenfunction 616 plotted to Results/000015/eigenfun00616.png
> eigenfunction 617 plotted to Results/000015/eigenfun00617.png
> eigenfunction 618 plotted to Results/000015/eigenfun00618.png
> eigenfunction 619 plotted to Results/000015/eigenfun00619.png
> eigenfunction 620 plotted to Results/000015/eigenfun00620.png
> eigenfunction 621 plotted to Results/000015/eigenfun00621.png
> eigenfunction 622 plotted to Results/000015/eigenfun00622.png
> eigenfunction 623 plotted to Results/000015/eigenfun00623.png
> eigenfunction 624 plotted to Results/000015/eigenfun00624.png
> eigenfunction 625 plotted to Results/000015/eigenfun00625.png
> eigenfunction 626 plotted to Results/000015/eigenfun00626.png
> eigenfunction 627 plotted to Results/000015/eigenfun00627.png
> eigenfunction 628 plotted to Results/000015/eigenfun00628.png
> eigenfunction 629 plotted to Results/000015/eigenfun00629.png
> eigenfunction 630 plotted to Results/000015/eigenfun00630.png
> eigenfunction 631 plotted to Results/000015/eigenfun00631.png
> eigenfunction 632 plotted to Results/000015/eigenfun00632.png
> eigenfunction 633 plotted to Results/000015/eigenfun00633.png
> eigenfunction 634 plotted to Results/000015/eigenfun00634.png
> eigenfunction 635 plotted to Results/000015/eigenfun00635.png
> eigenfunction 636 plotted to Results/000015/eigenfun00636.png
> eigenfunction 637 plotted to Results/000015/eigenfun00637.png
> eigenfunction 638 plotted to Results/000015/eigenfun00638.png
> eigenfunction 639 plotted to Results/000015/eigenfun00639.png
> eigenfunction 640 plotted to Results/000015/eigenfun00640.png
> eigenfunction 641 plotted to Results/000015/eigenfun00641.png
> eigenfunction 642 plotted to Results/000015/eigenfun00642.png
> eigenfunction 643 plotted to Results/000015/eigenfun00643.png
> eigenfunction 644 plotted to Results/000015/eigenfun00644.png
> eigenfunction 645 plotted to Results/000015/eigenfun00645.png
> eigenfunction 646 plotted to Results/000015/eigenfun00646.png
> eigenfunction 647 plotted to Results/000015/eigenfun00647.png
> eigenfunction 648 plotted to Results/000015/eigenfun00648.png
> eigenfunction 649 plotted to Results/000015/eigenfun00649.png
> eigenfunction 650 plotted to Results/000015/eigenfun00650.png
> eigenfunction 651 plotted to Results/000015/eigenfun00651.png
> eigenfunction 652 plotted to Results/000015/eigenfun00652.png
> eigenfunction 653 plotted to Results/000015/eigenfun00653.png
> eigenfunction 654 plotted to Results/000015/eigenfun00654.png
> eigenfunction 655 plotted to Results/000015/eigenfun00655.png
> eigenfunction 656 plotted to Results/000015/eigenfun00656.png
> eigenfunction 657 plotted to Results/000015/eigenfun00657.png
> eigenfunction 658 plotted to Results/000015/eigenfun00658.png
> eigenfunction 659 plotted to Results/000015/eigenfun00659.png
> eigenfunction 660 plotted to Results/000015/eigenfun00660.png
> eigenfunction 661 plotted to Results/000015/eigenfun00661.png
> eigenfunction 662 plotted to Results/000015/eigenfun00662.png
> eigenfunction 663 plotted to Results/000015/eigenfun00663.png
> eigenfunction 664 plotted to Results/000015/eigenfun00664.png
> eigenfunction 665 plotted to Results/000015/eigenfun00665.png
> eigenfunction 666 plotted to Results/000015/eigenfun00666.png
> eigenfunction 667 plotted to Results/000015/eigenfun00667.png
> eigenfunction 668 plotted to Results/000015/eigenfun00668.png
> eigenfunction 669 plotted to Results/000015/eigenfun00669.png
> eigenfunction 670 plotted to Results/000015/eigenfun00670.png
> eigenfunction 671 plotted to Results/000015/eigenfun00671.png
> eigenfunction 672 plotted to Results/000015/eigenfun00672.png
> eigenfunction 673 plotted to Results/000015/eigenfun00673.png
> eigenfunction 674 plotted to Results/000015/eigenfun00674.png
> eigenfunction 675 plotted to Results/000015/eigenfun00675.png
> eigenfunction 676 plotted to Results/000015/eigenfun00676.png
> eigenfunction 677 plotted to Results/000015/eigenfun00677.png
> eigenfunction 678 plotted to Results/000015/eigenfun00678.png
> eigenfunction 679 plotted to Results/000015/eigenfun00679.png
> eigenfunction 680 plotted to Results/000015/eigenfun00680.png
> eigenfunction 681 plotted to Results/000015/eigenfun00681.png
> eigenfunction 682 plotted to Results/000015/eigenfun00682.png
> eigenfunction 683 plotted to Results/000015/eigenfun00683.png
> eigenfunction 684 plotted to Results/000015/eigenfun00684.png
> eigenfunction 685 plotted to Results/000015/eigenfun00685.png
> eigenfunction 686 plotted to Results/000015/eigenfun00686.png
> eigenfunction 687 plotted to Results/000015/eigenfun00687.png
> eigenfunction 688 plotted to Results/000015/eigenfun00688.png
> eigenfunction 689 plotted to Results/000015/eigenfun00689.png
> eigenfunction 690 plotted to Results/000015/eigenfun00690.png
> eigenfunction 691 plotted to Results/000015/eigenfun00691.png
> eigenfunction 692 plotted to Results/000015/eigenfun00692.png
> eigenfunction 693 plotted to Results/000015/eigenfun00693.png
> eigenfunction 694 plotted to Results/000015/eigenfun00694.png
> eigenfunction 695 plotted to Results/000015/eigenfun00695.png
> eigenfunction 696 plotted to Results/000015/eigenfun00696.png
> eigenfunction 697 plotted to Results/000015/eigenfun00697.png
> eigenfunction 698 plotted to Results/000015/eigenfun00698.png
> eigenfunction 699 plotted to Results/000015/eigenfun00699.png
> eigenfunction 700 plotted to Results/000015/eigenfun00700.png
> eigenfunction 701 plotted to Results/000015/eigenfun00701.png
> eigenfunction 702 plotted to Results/000015/eigenfun00702.png
> eigenfunction 703 plotted to Results/000015/eigenfun00703.png
> eigenfunction 704 plotted to Results/000015/eigenfun00704.png
> eigenfunction 705 plotted to Results/000015/eigenfun00705.png
> eigenfunction 706 plotted to Results/000015/eigenfun00706.png
> eigenfunction 707 plotted to Results/000015/eigenfun00707.png
> eigenfunction 708 plotted to Results/000015/eigenfun00708.png
> eigenfunction 709 plotted to Results/000015/eigenfun00709.png
> eigenfunction 710 plotted to Results/000015/eigenfun00710.png
> eigenfunction 711 plotted to Results/000015/eigenfun00711.png
> eigenfunction 712 plotted to Results/000015/eigenfun00712.png
> eigenfunction 713 plotted to Results/000015/eigenfun00713.png
> eigenfunction 714 plotted to Results/000015/eigenfun00714.png
> eigenfunction 715 plotted to Results/000015/eigenfun00715.png
> eigenfunction 716 plotted to Results/000015/eigenfun00716.png
> eigenfunction 717 plotted to Results/000015/eigenfun00717.png
> eigenfunction 718 plotted to Results/000015/eigenfun00718.png
> eigenfunction 719 plotted to Results/000015/eigenfun00719.png
> eigenfunction 720 plotted to Results/000015/eigenfun00720.png
> eigenfunction 721 plotted to Results/000015/eigenfun00721.png
> eigenfunction 722 plotted to Results/000015/eigenfun00722.png
> eigenfunction 723 plotted to Results/000015/eigenfun00723.png
> eigenfunction 724 plotted to Results/000015/eigenfun00724.png
> eigenfunction 725 plotted to Results/000015/eigenfun00725.png
> eigenfunction 726 plotted to Results/000015/eigenfun00726.png
> eigenfunction 727 plotted to Results/000015/eigenfun00727.png
> eigenfunction 728 plotted to Results/000015/eigenfun00728.png
> eigenfunction 729 plotted to Results/000015/eigenfun00729.png
> eigenfunction 730 plotted to Results/000015/eigenfun00730.png
> eigenfunction 731 plotted to Results/000015/eigenfun00731.png
> eigenfunction 732 plotted to Results/000015/eigenfun00732.png
> eigenfunction 733 plotted to Results/000015/eigenfun00733.png
> eigenfunction 734 plotted to Results/000015/eigenfun00734.png
> eigenfunction 735 plotted to Results/000015/eigenfun00735.png
> eigenfunction 736 plotted to Results/000015/eigenfun00736.png
> eigenfunction 737 plotted to Results/000015/eigenfun00737.png
> eigenfunction 738 plotted to Results/000015/eigenfun00738.png
> eigenfunction 739 plotted to Results/000015/eigenfun00739.png
> eigenfunction 740 plotted to Results/000015/eigenfun00740.png
> eigenfunction 741 plotted to Results/000015/eigenfun00741.png
> eigenfunction 742 plotted to Results/000015/eigenfun00742.png
> eigenfunction 743 plotted to Results/000015/eigenfun00743.png
> eigenfunction 744 plotted to Results/000015/eigenfun00744.png
> eigenfunction 745 plotted to Results/000015/eigenfun00745.png
> eigenfunction 746 plotted to Results/000015/eigenfun00746.png
> eigenfunction 747 plotted to Results/000015/eigenfun00747.png
> eigenfunction 748 plotted to Results/000015/eigenfun00748.png
> eigenfunction 749 plotted to Results/000015/eigenfun00749.png
> eigenfunction 750 plotted to Results/000015/eigenfun00750.png
> eigenfunction 751 plotted to Results/000015/eigenfun00751.png
> eigenfunction 752 plotted to Results/000015/eigenfun00752.png
> eigenfunction 753 plotted to Results/000015/eigenfun00753.png
> eigenfunction 754 plotted to Results/000015/eigenfun00754.png
> eigenfunction 755 plotted to Results/000015/eigenfun00755.png
> eigenfunction 756 plotted to Results/000015/eigenfun00756.png
> eigenfunction 757 plotted to Results/000015/eigenfun00757.png
> eigenfunction 758 plotted to Results/000015/eigenfun00758.png
> eigenfunction 759 plotted to Results/000015/eigenfun00759.png
> eigenfunction 760 plotted to Results/000015/eigenfun00760.png
> eigenfunction 761 plotted to Results/000015/eigenfun00761.png
> eigenfunction 762 plotted to Results/000015/eigenfun00762.png
> eigenfunction 763 plotted to Results/000015/eigenfun00763.png
> eigenfunction 764 plotted to Results/000015/eigenfun00764.png
> eigenfunction 765 plotted to Results/000015/eigenfun00765.png
> eigenfunction 766 plotted to Results/000015/eigenfun00766.png
> eigenfunction 767 plotted to Results/000015/eigenfun00767.png
> eigenfunction 768 plotted to Results/000015/eigenfun00768.png
> eigenfunction 769 plotted to Results/000015/eigenfun00769.png
> eigenfunction 770 plotted to Results/000015/eigenfun00770.png
> eigenfunction 771 plotted to Results/000015/eigenfun00771.png
> eigenfunction 772 plotted to Results/000015/eigenfun00772.png
> eigenfunction 773 plotted to Results/000015/eigenfun00773.png
> eigenfunction 774 plotted to Results/000015/eigenfun00774.png
> eigenfunction 775 plotted to Results/000015/eigenfun00775.png
> eigenfunction 776 plotted to Results/000015/eigenfun00776.png
> eigenfunction 777 plotted to Results/000015/eigenfun00777.png
> eigenfunction 778 plotted to Results/000015/eigenfun00778.png
> eigenfunction 779 plotted to Results/000015/eigenfun00779.png
> eigenfunction 780 plotted to Results/000015/eigenfun00780.png
> eigenfunction 781 plotted to Results/000015/eigenfun00781.png
> eigenfunction 782 plotted to Results/000015/eigenfun00782.png
> eigenfunction 783 plotted to Results/000015/eigenfun00783.png
> eigenfunction 784 plotted to Results/000015/eigenfun00784.png
> eigenfunction 785 plotted to Results/000015/eigenfun00785.png
> eigenfunction 786 plotted to Results/000015/eigenfun00786.png
> eigenfunction 787 plotted to Results/000015/eigenfun00787.png
> eigenfunction 788 plotted to Results/000015/eigenfun00788.png
> eigenfunction 789 plotted to Results/000015/eigenfun00789.png
> eigenfunction 790 plotted to Results/000015/eigenfun00790.png
> eigenfunction 791 plotted to Results/000015/eigenfun00791.png
> eigenfunction 792 plotted to Results/000015/eigenfun00792.png
> eigenfunction 793 plotted to Results/000015/eigenfun00793.png
> eigenfunction 794 plotted to Results/000015/eigenfun00794.png
> eigenfunction 795 plotted to Results/000015/eigenfun00795.png
> eigenfunction 796 plotted to Results/000015/eigenfun00796.png
> eigenfunction 797 plotted to Results/000015/eigenfun00797.png
> eigenfunction 798 plotted to Results/000015/eigenfun00798.png
> eigenfunction 799 plotted to Results/000015/eigenfun00799.png
> eigenfunction 800 plotted to Results/000015/eigenfun00800.png
> eigenfunction 801 plotted to Results/000015/eigenfun00801.png
> eigenfunction 802 plotted to Results/000015/eigenfun00802.png
> eigenfunction 803 plotted to Results/000015/eigenfun00803.png
> eigenfunction 804 plotted to Results/000015/eigenfun00804.png
> eigenfunction 805 plotted to Results/000015/eigenfun00805.png
> eigenfunction 806 plotted to Results/000015/eigenfun00806.png
> eigenfunction 807 plotted to Results/000015/eigenfun00807.png
> eigenfunction 808 plotted to Results/000015/eigenfun00808.png
> eigenfunction 809 plotted to Results/000015/eigenfun00809.png
> eigenfunction 810 plotted to Results/000015/eigenfun00810.png
> eigenfunction 811 plotted to Results/000015/eigenfun00811.png
> eigenfunction 812 plotted to Results/000015/eigenfun00812.png
> eigenfunction 813 plotted to Results/000015/eigenfun00813.png
> eigenfunction 814 plotted to Results/000015/eigenfun00814.png
> eigenfunction 815 plotted to Results/000015/eigenfun00815.png
> eigenfunction 816 plotted to Results/000015/eigenfun00816.png
> eigenfunction 817 plotted to Results/000015/eigenfun00817.png
> eigenfunction 818 plotted to Results/000015/eigenfun00818.png
> eigenfunction 819 plotted to Results/000015/eigenfun00819.png
> eigenfunction 820 plotted to Results/000015/eigenfun00820.png
> eigenfunction 821 plotted to Results/000015/eigenfun00821.png
> eigenfunction 822 plotted to Results/000015/eigenfun00822.png
> eigenfunction 823 plotted to Results/000015/eigenfun00823.png
> eigenfunction 824 plotted to Results/000015/eigenfun00824.png
> eigenfunction 825 plotted to Results/000015/eigenfun00825.png
> eigenfunction 826 plotted to Results/000015/eigenfun00826.png
> eigenfunction 827 plotted to Results/000015/eigenfun00827.png
> eigenfunction 828 plotted to Results/000015/eigenfun00828.png
> eigenfunction 829 plotted to Results/000015/eigenfun00829.png
> eigenfunction 830 plotted to Results/000015/eigenfun00830.png
> eigenfunction 831 plotted to Results/000015/eigenfun00831.png
> eigenfunction 832 plotted to Results/000015/eigenfun00832.png
> eigenfunction 833 plotted to Results/000015/eigenfun00833.png
> eigenfunction 834 plotted to Results/000015/eigenfun00834.png
> eigenfunction 835 plotted to Results/000015/eigenfun00835.png
> eigenfunction 836 plotted to Results/000015/eigenfun00836.png
> eigenfunction 837 plotted to Results/000015/eigenfun00837.png
> eigenfunction 838 plotted to Results/000015/eigenfun00838.png
> eigenfunction 839 plotted to Results/000015/eigenfun00839.png
> eigenfunction 840 plotted to Results/000015/eigenfun00840.png
> eigenfunction 841 plotted to Results/000015/eigenfun00841.png
> eigenfunction 842 plotted to Results/000015/eigenfun00842.png
> eigenfunction 843 plotted to Results/000015/eigenfun00843.png
> eigenfunction 844 plotted to Results/000015/eigenfun00844.png
> eigenfunction 845 plotted to Results/000015/eigenfun00845.png
> eigenfunction 846 plotted to Results/000015/eigenfun00846.png
> eigenfunction 847 plotted to Results/000015/eigenfun00847.png
> eigenfunction 848 plotted to Results/000015/eigenfun00848.png
> eigenfunction 849 plotted to Results/000015/eigenfun00849.png
> eigenfunction 850 plotted to Results/000015/eigenfun00850.png
> eigenfunction 851 plotted to Results/000015/eigenfun00851.png
> eigenfunction 852 plotted to Results/000015/eigenfun00852.png
> eigenfunction 853 plotted to Results/000015/eigenfun00853.png
> eigenfunction 854 plotted to Results/000015/eigenfun00854.png
> eigenfunction 855 plotted to Results/000015/eigenfun00855.png
> eigenfunction 856 plotted to Results/000015/eigenfun00856.png
> eigenfunction 857 plotted to Results/000015/eigenfun00857.png
> eigenfunction 858 plotted to Results/000015/eigenfun00858.png
> eigenfunction 859 plotted to Results/000015/eigenfun00859.png
> eigenfunction 860 plotted to Results/000015/eigenfun00860.png
> eigenfunction 861 plotted to Results/000015/eigenfun00861.png
> eigenfunction 862 plotted to Results/000015/eigenfun00862.png
> eigenfunction 863 plotted to Results/000015/eigenfun00863.png
> eigenfunction 864 plotted to Results/000015/eigenfun00864.png
> eigenfunction 865 plotted to Results/000015/eigenfun00865.png
> eigenfunction 866 plotted to Results/000015/eigenfun00866.png
> eigenfunction 867 plotted to Results/000015/eigenfun00867.png
> eigenfunction 868 plotted to Results/000015/eigenfun00868.png
> eigenfunction 869 plotted to Results/000015/eigenfun00869.png
> eigenfunction 870 plotted to Results/000015/eigenfun00870.png
> eigenfunction 871 plotted to Results/000015/eigenfun00871.png
> eigenfunction 872 plotted to Results/000015/eigenfun00872.png
> eigenfunction 873 plotted to Results/000015/eigenfun00873.png
> eigenfunction 874 plotted to Results/000015/eigenfun00874.png
> eigenfunction 875 plotted to Results/000015/eigenfun00875.png
> eigenfunction 876 plotted to Results/000015/eigenfun00876.png
> eigenfunction 877 plotted to Results/000015/eigenfun00877.png
> eigenfunction 878 plotted to Results/000015/eigenfun00878.png
> eigenfunction 879 plotted to Results/000015/eigenfun00879.png
> eigenfunction 880 plotted to Results/000015/eigenfun00880.png
> eigenfunction 881 plotted to Results/000015/eigenfun00881.png
> eigenfunction 882 plotted to Results/000015/eigenfun00882.png
> eigenfunction 883 plotted to Results/000015/eigenfun00883.png
> eigenfunction 884 plotted to Results/000015/eigenfun00884.png
> eigenfunction 885 plotted to Results/000015/eigenfun00885.png
> eigenfunction 886 plotted to Results/000015/eigenfun00886.png
> eigenfunction 887 plotted to Results/000015/eigenfun00887.png
> eigenfunction 888 plotted to Results/000015/eigenfun00888.png
> eigenfunction 889 plotted to Results/000015/eigenfun00889.png
> eigenfunction 890 plotted to Results/000015/eigenfun00890.png
> eigenfunction 891 plotted to Results/000015/eigenfun00891.png
> eigenfunction 892 plotted to Results/000015/eigenfun00892.png
> eigenfunction 893 plotted to Results/000015/eigenfun00893.png
> eigenfunction 894 plotted to Results/000015/eigenfun00894.png
> eigenfunction 895 plotted to Results/000015/eigenfun00895.png
> eigenfunction 896 plotted to Results/000015/eigenfun00896.png
> eigenfunction 897 plotted to Results/000015/eigenfun00897.png
> eigenfunction 898 plotted to Results/000015/eigenfun00898.png
> eigenfunction 899 plotted to Results/000015/eigenfun00899.png
> eigenfunction 900 plotted to Results/000015/eigenfun00900.png
> eigenfunction 901 plotted to Results/000015/eigenfun00901.png
> eigenfunction 902 plotted to Results/000015/eigenfun00902.png
> eigenfunction 903 plotted to Results/000015/eigenfun00903.png
> eigenfunction 904 plotted to Results/000015/eigenfun00904.png
> eigenfunction 905 plotted to Results/000015/eigenfun00905.png
> eigenfunction 906 plotted to Results/000015/eigenfun00906.png
> eigenfunction 907 plotted to Results/000015/eigenfun00907.png
> eigenfunction 908 plotted to Results/000015/eigenfun00908.png
> eigenfunction 909 plotted to Results/000015/eigenfun00909.png
> eigenfunction 910 plotted to Results/000015/eigenfun00910.png
> eigenfunction 911 plotted to Results/000015/eigenfun00911.png
> eigenfunction 912 plotted to Results/000015/eigenfun00912.png
> eigenfunction 913 plotted to Results/000015/eigenfun00913.png
> eigenfunction 914 plotted to Results/000015/eigenfun00914.png
> eigenfunction 915 plotted to Results/000015/eigenfun00915.png
> eigenfunction 916 plotted to Results/000015/eigenfun00916.png
> eigenfunction 917 plotted to Results/000015/eigenfun00917.png
> eigenfunction 918 plotted to Results/000015/eigenfun00918.png
> eigenfunction 919 plotted to Results/000015/eigenfun00919.png
> eigenfunction 920 plotted to Results/000015/eigenfun00920.png
> eigenfunction 921 plotted to Results/000015/eigenfun00921.png
> eigenfunction 922 plotted to Results/000015/eigenfun00922.png
> eigenfunction 923 plotted to Results/000015/eigenfun00923.png
> eigenfunction 924 plotted to Results/000015/eigenfun00924.png
> eigenfunction 925 plotted to Results/000015/eigenfun00925.png
> eigenfunction 926 plotted to Results/000015/eigenfun00926.png
> eigenfunction 927 plotted to Results/000015/eigenfun00927.png
> eigenfunction 928 plotted to Results/000015/eigenfun00928.png
> eigenfunction 929 plotted to Results/000015/eigenfun00929.png
> eigenfunction 930 plotted to Results/000015/eigenfun00930.png
> eigenfunction 931 plotted to Results/000015/eigenfun00931.png
> eigenfunction 932 plotted to Results/000015/eigenfun00932.png
> eigenfunction 933 plotted to Results/000015/eigenfun00933.png
> eigenfunction 934 plotted to Results/000015/eigenfun00934.png
> eigenfunction 935 plotted to Results/000015/eigenfun00935.png
> eigenfunction 936 plotted to Results/000015/eigenfun00936.png
> eigenfunction 937 plotted to Results/000015/eigenfun00937.png
> eigenfunction 938 plotted to Results/000015/eigenfun00938.png
> eigenfunction 939 plotted to Results/000015/eigenfun00939.png
> eigenfunction 940 plotted to Results/000015/eigenfun00940.png
> eigenfunction 941 plotted to Results/000015/eigenfun00941.png
> eigenfunction 942 plotted to Results/000015/eigenfun00942.png
> eigenfunction 943 plotted to Results/000015/eigenfun00943.png
> eigenfunction 944 plotted to Results/000015/eigenfun00944.png
> eigenfunction 945 plotted to Results/000015/eigenfun00945.png
> eigenfunction 946 plotted to Results/000015/eigenfun00946.png
> eigenfunction 947 plotted to Results/000015/eigenfun00947.png
> eigenfunction 948 plotted to Results/000015/eigenfun00948.png
> eigenfunction 949 plotted to Results/000015/eigenfun00949.png
> eigenfunction 950 plotted to Results/000015/eigenfun00950.png
> eigenfunction 951 plotted to Results/000015/eigenfun00951.png
> eigenfunction 952 plotted to Results/000015/eigenfun00952.png
> eigenfunction 953 plotted to Results/000015/eigenfun00953.png
> eigenfunction 954 plotted to Results/000015/eigenfun00954.png
> eigenfunction 955 plotted to Results/000015/eigenfun00955.png
> eigenfunction 956 plotted to Results/000015/eigenfun00956.png
> eigenfunction 957 plotted to Results/000015/eigenfun00957.png
> eigenfunction 958 plotted to Results/000015/eigenfun00958.png
> eigenfunction 959 plotted to Results/000015/eigenfun00959.png
> eigenfunction 960 plotted to Results/000015/eigenfun00960.png
> eigenfunction 961 plotted to Results/000015/eigenfun00961.png
> eigenfunction 962 plotted to Results/000015/eigenfun00962.png
> eigenfunction 963 plotted to Results/000015/eigenfun00963.png
> eigenfunction 964 plotted to Results/000015/eigenfun00964.png
> eigenfunction 965 plotted to Results/000015/eigenfun00965.png
> eigenfunction 966 plotted to Results/000015/eigenfun00966.png
> eigenfunction 967 plotted to Results/000015/eigenfun00967.png
> eigenfunction 968 plotted to Results/000015/eigenfun00968.png
> eigenfunction 969 plotted to Results/000015/eigenfun00969.png
> eigenfunction 970 plotted to Results/000015/eigenfun00970.png
> eigenfunction 971 plotted to Results/000015/eigenfun00971.png
> eigenfunction 972 plotted to Results/000015/eigenfun00972.png
> eigenfunction 973 plotted to Results/000015/eigenfun00973.png
> eigenfunction 974 plotted to Results/000015/eigenfun00974.png
> eigenfunction 975 plotted to Results/000015/eigenfun00975.png
> eigenfunction 976 plotted to Results/000015/eigenfun00976.png
> eigenfunction 977 plotted to Results/000015/eigenfun00977.png
> eigenfunction 978 plotted to Results/000015/eigenfun00978.png
> eigenfunction 979 plotted to Results/000015/eigenfun00979.png
> eigenfunction 980 plotted to Results/000015/eigenfun00980.png
> eigenfunction 981 plotted to Results/000015/eigenfun00981.png
> eigenfunction 982 plotted to Results/000015/eigenfun00982.png
> eigenfunction 983 plotted to Results/000015/eigenfun00983.png
> eigenfunction 984 plotted to Results/000015/eigenfun00984.png
> eigenfunction 985 plotted to Results/000015/eigenfun00985.png
> eigenfunction 986 plotted to Results/000015/eigenfun00986.png
> eigenfunction 987 plotted to Results/000015/eigenfun00987.png
> eigenfunction 988 plotted to Results/000015/eigenfun00988.png
> eigenfunction 989 plotted to Results/000015/eigenfun00989.png
> eigenfunction 990 plotted to Results/000015/eigenfun00990.png
> eigenfunction 991 plotted to Results/000015/eigenfun00991.png
> eigenfunction 992 plotted to Results/000015/eigenfun00992.png
> eigenfunction 993 plotted to Results/000015/eigenfun00993.png
> eigenfunction 994 plotted to Results/000015/eigenfun00994.png
> eigenfunction 995 plotted to Results/000015/eigenfun00995.png
> eigenfunction 996 plotted to Results/000015/eigenfun00996.png
> eigenfunction 997 plotted to Results/000015/eigenfun00997.png
> eigenfunction 998 plotted to Results/000015/eigenfun00998.png
> eigenfunction 999 plotted to Results/000015/eigenfun00999.png
> eigenfunction 1000 plotted to Results/000015/eigenfun01000.png
> eigenfunction 1001 plotted to Results/000015/eigenfun01001.png
> eigenfunction 1002 plotted to Results/000015/eigenfun01002.png
> eigenfunction 1003 plotted to Results/000015/eigenfun01003.png
> eigenfunction 1004 plotted to Results/000015/eigenfun01004.png
> eigenfunction 1005 plotted to Results/000015/eigenfun01005.png
> eigenfunction 1006 plotted to Results/000015/eigenfun01006.png
> eigenfunction 1007 plotted to Results/000015/eigenfun01007.png
> eigenfunction 1008 plotted to Results/000015/eigenfun01008.png
> eigenfunction 1009 plotted to Results/000015/eigenfun01009.png
> eigenfunction 1010 plotted to Results/000015/eigenfun01010.png
> eigenfunction 1011 plotted to Results/000015/eigenfun01011.png
> eigenfunction 1012 plotted to Results/000015/eigenfun01012.png
> eigenfunction 1013 plotted to Results/000015/eigenfun01013.png
> eigenfunction 1014 plotted to Results/000015/eigenfun01014.png
> eigenfunction 1015 plotted to Results/000015/eigenfun01015.png
> eigenfunction 1016 plotted to Results/000015/eigenfun01016.png
> eigenfunction 1017 plotted to Results/000015/eigenfun01017.png
> eigenfunction 1018 plotted to Results/000015/eigenfun01018.png
> eigenfunction 1019 plotted to Results/000015/eigenfun01019.png
> eigenfunction 1020 plotted to Results/000015/eigenfun01020.png
> eigenfunction 1021 plotted to Results/000015/eigenfun01021.png
> eigenfunction 1022 plotted to Results/000015/eigenfun01022.png
> eigenfunction 1023 plotted to Results/000015/eigenfun01023.png
> eigenfunction 1024 plotted to Results/000015/eigenfun01024.png
> eigenfunction 1025 plotted to Results/000015/eigenfun01025.png
> eigenfunction 1026 plotted to Results/000015/eigenfun01026.png
> eigenfunction 1027 plotted to Results/000015/eigenfun01027.png
> eigenfunction 1028 plotted to Results/000015/eigenfun01028.png
> eigenfunction 1029 plotted to Results/000015/eigenfun01029.png
> eigenfunction 1030 plotted to Results/000015/eigenfun01030.png
> eigenfunction 1031 plotted to Results/000015/eigenfun01031.png
> eigenfunction 1032 plotted to Results/000015/eigenfun01032.png
> eigenfunction 1033 plotted to Results/000015/eigenfun01033.png
> eigenfunction 1034 plotted to Results/000015/eigenfun01034.png
> eigenfunction 1035 plotted to Results/000015/eigenfun01035.png
> eigenfunction 1036 plotted to Results/000015/eigenfun01036.png
> eigenfunction 1037 plotted to Results/000015/eigenfun01037.png
> eigenfunction 1038 plotted to Results/000015/eigenfun01038.png
> eigenfunction 1039 plotted to Results/000015/eigenfun01039.png
> eigenfunction 1040 plotted to Results/000015/eigenfun01040.png
> eigenfunction 1041 plotted to Results/000015/eigenfun01041.png
> eigenfunction 1042 plotted to Results/000015/eigenfun01042.png
> eigenfunction 1043 plotted to Results/000015/eigenfun01043.png
> eigenfunction 1044 plotted to Results/000015/eigenfun01044.png
> eigenfunction 1045 plotted to Results/000015/eigenfun01045.png
> eigenfunction 1046 plotted to Results/000015/eigenfun01046.png
> eigenfunction 1047 plotted to Results/000015/eigenfun01047.png
> eigenfunction 1048 plotted to Results/000015/eigenfun01048.png
> eigenfunction 1049 plotted to Results/000015/eigenfun01049.png
> eigenfunction 1050 plotted to Results/000015/eigenfun01050.png
> eigenfunction 1051 plotted to Results/000015/eigenfun01051.png
> eigenfunction 1052 plotted to Results/000015/eigenfun01052.png
> eigenfunction 1053 plotted to Results/000015/eigenfun01053.png
> eigenfunction 1054 plotted to Results/000015/eigenfun01054.png
> eigenfunction 1055 plotted to Results/000015/eigenfun01055.png
> eigenfunction 1056 plotted to Results/000015/eigenfun01056.png
> eigenfunction 1057 plotted to Results/000015/eigenfun01057.png
> eigenfunction 1058 plotted to Results/000015/eigenfun01058.png
> eigenfunction 1059 plotted to Results/000015/eigenfun01059.png
> eigenfunction 1060 plotted to Results/000015/eigenfun01060.png
> eigenfunction 1061 plotted to Results/000015/eigenfun01061.png
> eigenfunction 1062 plotted to Results/000015/eigenfun01062.png
> eigenfunction 1063 plotted to Results/000015/eigenfun01063.png
> eigenfunction 1064 plotted to Results/000015/eigenfun01064.png
> eigenfunction 1065 plotted to Results/000015/eigenfun01065.png
> eigenfunction 1066 plotted to Results/000015/eigenfun01066.png
> eigenfunction 1067 plotted to Results/000015/eigenfun01067.png
> eigenfunction 1068 plotted to Results/000015/eigenfun01068.png
> eigenfunction 1069 plotted to Results/000015/eigenfun01069.png
> eigenfunction 1070 plotted to Results/000015/eigenfun01070.png
> eigenfunction 1071 plotted to Results/000015/eigenfun01071.png
> eigenfunction 1072 plotted to Results/000015/eigenfun01072.png
> eigenfunction 1073 plotted to Results/000015/eigenfun01073.png
> eigenfunction 1074 plotted to Results/000015/eigenfun01074.png
> eigenfunction 1075 plotted to Results/000015/eigenfun01075.png
> eigenfunction 1076 plotted to Results/000015/eigenfun01076.png
> eigenfunction 1077 plotted to Results/000015/eigenfun01077.png
> eigenfunction 1078 plotted to Results/000015/eigenfun01078.png
> eigenfunction 1079 plotted to Results/000015/eigenfun01079.png
> eigenfunction 1080 plotted to Results/000015/eigenfun01080.png
> eigenfunction 1081 plotted to Results/000015/eigenfun01081.png
> eigenfunction 1082 plotted to Results/000015/eigenfun01082.png
> eigenfunction 1083 plotted to Results/000015/eigenfun01083.png
> eigenfunction 1084 plotted to Results/000015/eigenfun01084.png
> eigenfunction 1085 plotted to Results/000015/eigenfun01085.png
> eigenfunction 1086 plotted to Results/000015/eigenfun01086.png
> eigenfunction 1087 plotted to Results/000015/eigenfun01087.png
> eigenfunction 1088 plotted to Results/000015/eigenfun01088.png
> eigenfunction 1089 plotted to Results/000015/eigenfun01089.png
> eigenfunction 1090 plotted to Results/000015/eigenfun01090.png
> eigenfunction 1091 plotted to Results/000015/eigenfun01091.png
> eigenfunction 1092 plotted to Results/000015/eigenfun01092.png
> eigenfunction 1093 plotted to Results/000015/eigenfun01093.png
> eigenfunction 1094 plotted to Results/000015/eigenfun01094.png
> eigenfunction 1095 plotted to Results/000015/eigenfun01095.png
> eigenvalues written to Results/000015/eigenvalues.txt
Traceback (most recent call last):
  File "/home/yan00082/firedrake/lib/python3.10/site-packages/PIL/Image.py", line 3251, in open
    fp.seek(0)
AttributeError: 'int' object has no attribute 'seek'

During handling of the above exception, another exception occurred:

Traceback (most recent call last):
  File "/home/yan00082/grad_A_div/1d/main_v2.py", line 123, in <module>
    get_eigenpairs(EPS,nconv,Bsc,V,x0,x1,nelts,npts,plotefuns,plotefuns_2,eigenvalfile,eigenfunplotfile,eigenfunmontagefile,eigenfunmontagefile_2,flag,eigenfunmon_all)
  File "/home/yan00082/grad_A_div/1d/solver.py", line 177, in get_eigenpairs
    combine_images(columns=5, space=20, images=segment,file=eigenfunmon_all.format(i0,iend))
  File "/home/yan00082/grad_A_div/1d/solver.py", line 51, in combine_images
    width_max = max([Image.open(image).width for image in images])
  File "/home/yan00082/grad_A_div/1d/solver.py", line 51, in <listcomp>
    width_max = max([Image.open(image).width for image in images])
  File "/home/yan00082/firedrake/lib/python3.10/site-packages/PIL/Image.py", line 3253, in open
    fp = io.BytesIO(fp.read())
AttributeError: 'int' object has no attribute 'read'. Did you mean: 'real'?
