firedrake:WARNING OMP_NUM_THREADS is not set or is set to a value greater than 1, we suggest setting OMP_NUM_THREADS=1 to improve performance
> subdirectory name:000004
> run parameters written to Results/000004/Parameter.json
> mesh with 80000 elements
> mesh plotted to Results/000004/mesh.png
> sampling of dn plotted to Results/000004/sample_dn.png
> coefficient plotted to Results/000004/coefficient.png
> degree of freedom:  1002001
> computed 341 eigenvalues.
> eigenfunction 0 plotted to Results/000004/eigenfun00000.png
> eigenfunction 0 with p-ration0.05404 plotted to Results/000004/smpr_00000.png
> eigenfunction 1 plotted to Results/000004/eigenfun00001.png
> eigenfunction 1 with p-ration0.04759 plotted to Results/000004/smpr_00001.png
> eigenfunction 2 plotted to Results/000004/eigenfun00002.png
> eigenfunction 2 with p-ration0.05387 plotted to Results/000004/smpr_00002.png
> eigenfunction 3 plotted to Results/000004/eigenfun00003.png
> eigenfunction 3 with p-ration0.03419 plotted to Results/000004/smpr_00003.png
> eigenfunction 4 plotted to Results/000004/eigenfun00004.png
> eigenfunction 4 with p-ration0.04576 plotted to Results/000004/smpr_00004.png
> eigenfunction 5 plotted to Results/000004/eigenfun00005.png
> eigenfunction 5 with p-ration0.04113 plotted to Results/000004/smpr_00005.png
> eigenfunction 6 plotted to Results/000004/eigenfun00006.png
> eigenfunction 6 with p-ration0.04952 plotted to Results/000004/smpr_00006.png
> eigenfunction 7 plotted to Results/000004/eigenfun00007.png
> eigenfunction 7 with p-ration0.04924 plotted to Results/000004/smpr_00007.png
> eigenfunction 8 plotted to Results/000004/eigenfun00008.png
> eigenfunction 8 with p-ration0.04701 plotted to Results/000004/smpr_00008.png
> eigenfunction 9 plotted to Results/000004/eigenfun00009.png
> eigenfunction 9 with p-ration0.04822 plotted to Results/000004/smpr_00009.png
> eigenfunction 10 plotted to Results/000004/eigenfun00010.png
> eigenfunction 10 with p-ration0.04728 plotted to Results/000004/smpr_00010.png
> eigenfunction 11 plotted to Results/000004/eigenfun00011.png
> eigenfunction 11 with p-ration0.05446 plotted to Results/000004/smpr_00011.png
> eigenfunction 12 plotted to Results/000004/eigenfun00012.png
> eigenfunction 12 with p-ration0.05523 plotted to Results/000004/smpr_00012.png
> eigenfunction 13 plotted to Results/000004/eigenfun00013.png
> eigenfunction 13 with p-ration0.05124 plotted to Results/000004/smpr_00013.png
> eigenfunction 14 plotted to Results/000004/eigenfun00014.png
> eigenfunction 14 with p-ration0.04393 plotted to Results/000004/smpr_00014.png
> eigenfunction 15 plotted to Results/000004/eigenfun00015.png
> eigenfunction 15 with p-ration0.05513 plotted to Results/000004/smpr_00015.png
> eigenfunction 16 plotted to Results/000004/eigenfun00016.png
> eigenfunction 16 with p-ration0.05069 plotted to Results/000004/smpr_00016.png
> eigenfunction 17 plotted to Results/000004/eigenfun00017.png
> eigenfunction 17 with p-ration0.05130 plotted to Results/000004/smpr_00017.png
> eigenfunction 18 plotted to Results/000004/eigenfun00018.png
> eigenfunction 18 with p-ration0.05064 plotted to Results/000004/smpr_00018.png
> eigenfunction 19 plotted to Results/000004/eigenfun00019.png
> eigenfunction 19 with p-ration0.05605 plotted to Results/000004/smpr_00019.png
> eigenfunction 20 plotted to Results/000004/eigenfun00020.png
> eigenfunction 20 with p-ration0.05308 plotted to Results/000004/smpr_00020.png
> eigenfunction 21 plotted to Results/000004/eigenfun00021.png
> eigenfunction 21 with p-ration0.05443 plotted to Results/000004/smpr_00021.png
> eigenfunction 22 plotted to Results/000004/eigenfun00022.png
> eigenfunction 22 with p-ration0.04840 plotted to Results/000004/smpr_00022.png
> eigenfunction 23 plotted to Results/000004/eigenfun00023.png
> eigenfunction 23 with p-ration0.04932 plotted to Results/000004/smpr_00023.png
> eigenfunction 24 plotted to Results/000004/eigenfun00024.png
> eigenfunction 24 with p-ration0.04242 plotted to Results/000004/smpr_00024.png
> eigenfunction 25 plotted to Results/000004/eigenfun00025.png
> eigenfunction 25 with p-ration0.04526 plotted to Results/000004/smpr_00025.png
> eigenfunction 26 plotted to Results/000004/eigenfun00026.png
> eigenfunction 26 with p-ration0.04263 plotted to Results/000004/smpr_00026.png
> eigenfunction 27 plotted to Results/000004/eigenfun00027.png
> eigenfunction 27 with p-ration0.04717 plotted to Results/000004/smpr_00027.png
> eigenfunction 28 plotted to Results/000004/eigenfun00028.png
> eigenfunction 28 with p-ration0.04004 plotted to Results/000004/smpr_00028.png
> eigenfunction 29 plotted to Results/000004/eigenfun00029.png
> eigenfunction 29 with p-ration0.05657 plotted to Results/000004/smpr_00029.png
> eigenfunction 30 plotted to Results/000004/eigenfun00030.png
> eigenfunction 30 with p-ration0.05685 plotted to Results/000004/smpr_00030.png
> eigenfunction 31 plotted to Results/000004/eigenfun00031.png
> eigenfunction 31 with p-ration0.05789 plotted to Results/000004/smpr_00031.png
> eigenfunction 32 plotted to Results/000004/eigenfun00032.png
> eigenfunction 32 with p-ration0.05273 plotted to Results/000004/smpr_00032.png
> eigenfunction 33 plotted to Results/000004/eigenfun00033.png
> eigenfunction 33 with p-ration0.04413 plotted to Results/000004/smpr_00033.png
> eigenfunction 34 plotted to Results/000004/eigenfun00034.png
> eigenfunction 34 with p-ration0.05751 plotted to Results/000004/smpr_00034.png
> eigenfunction 35 plotted to Results/000004/eigenfun00035.png
> eigenfunction 35 with p-ration0.03767 plotted to Results/000004/smpr_00035.png
> eigenfunction 36 plotted to Results/000004/eigenfun00036.png
> eigenfunction 36 with p-ration0.05312 plotted to Results/000004/smpr_00036.png
> eigenfunction 37 plotted to Results/000004/eigenfun00037.png
> eigenfunction 37 with p-ration0.05620 plotted to Results/000004/smpr_00037.png
> eigenfunction 38 plotted to Results/000004/eigenfun00038.png
> eigenfunction 38 with p-ration0.04679 plotted to Results/000004/smpr_00038.png
> eigenfunction 39 plotted to Results/000004/eigenfun00039.png
> eigenfunction 39 with p-ration0.05194 plotted to Results/000004/smpr_00039.png
> eigenfunction 40 plotted to Results/000004/eigenfun00040.png
> eigenfunction 40 with p-ration0.05341 plotted to Results/000004/smpr_00040.png
> eigenfunction 41 plotted to Results/000004/eigenfun00041.png
> eigenfunction 41 with p-ration0.05801 plotted to Results/000004/smpr_00041.png
> eigenfunction 42 plotted to Results/000004/eigenfun00042.png
> eigenfunction 42 with p-ration0.04605 plotted to Results/000004/smpr_00042.png
> eigenfunction 43 plotted to Results/000004/eigenfun00043.png
> eigenfunction 43 with p-ration0.04361 plotted to Results/000004/smpr_00043.png
> eigenfunction 44 plotted to Results/000004/eigenfun00044.png
> eigenfunction 44 with p-ration0.05290 plotted to Results/000004/smpr_00044.png
> eigenfunction 45 plotted to Results/000004/eigenfun00045.png
> eigenfunction 45 with p-ration0.05566 plotted to Results/000004/smpr_00045.png
> eigenfunction 46 plotted to Results/000004/eigenfun00046.png
> eigenfunction 46 with p-ration0.04482 plotted to Results/000004/smpr_00046.png
> eigenfunction 47 plotted to Results/000004/eigenfun00047.png
> eigenfunction 47 with p-ration0.05520 plotted to Results/000004/smpr_00047.png
> eigenfunction 48 plotted to Results/000004/eigenfun00048.png
> eigenfunction 48 with p-ration0.05162 plotted to Results/000004/smpr_00048.png
> eigenfunction 49 plotted to Results/000004/eigenfun00049.png
> eigenfunction 49 with p-ration0.04987 plotted to Results/000004/smpr_00049.png
> eigenfunction 50 plotted to Results/000004/eigenfun00050.png
> eigenfunction 50 with p-ration0.03359 plotted to Results/000004/smpr_00050.png
> eigenfunction 51 plotted to Results/000004/eigenfun00051.png
> eigenfunction 51 with p-ration0.05265 plotted to Results/000004/smpr_00051.png
> eigenfunction 52 plotted to Results/000004/eigenfun00052.png
> eigenfunction 52 with p-ration0.04088 plotted to Results/000004/smpr_00052.png
> eigenfunction 53 plotted to Results/000004/eigenfun00053.png
> eigenfunction 53 with p-ration0.04765 plotted to Results/000004/smpr_00053.png
> eigenfunction 54 plotted to Results/000004/eigenfun00054.png
> eigenfunction 54 with p-ration0.04477 plotted to Results/000004/smpr_00054.png
> eigenfunction 55 plotted to Results/000004/eigenfun00055.png
> eigenfunction 55 with p-ration0.04066 plotted to Results/000004/smpr_00055.png
> eigenfunction 56 plotted to Results/000004/eigenfun00056.png
> eigenfunction 56 with p-ration0.05045 plotted to Results/000004/smpr_00056.png
> eigenfunction 57 plotted to Results/000004/eigenfun00057.png
> eigenfunction 57 with p-ration0.02820 plotted to Results/000004/smpr_00057.png
> eigenfunction 58 plotted to Results/000004/eigenfun00058.png
> eigenfunction 58 with p-ration0.03027 plotted to Results/000004/smpr_00058.png
> eigenfunction 59 plotted to Results/000004/eigenfun00059.png
> eigenfunction 59 with p-ration0.05226 plotted to Results/000004/smpr_00059.png
> eigenfunction 60 plotted to Results/000004/eigenfun00060.png
> eigenfunction 60 with p-ration0.05415 plotted to Results/000004/smpr_00060.png
> eigenfunction 61 plotted to Results/000004/eigenfun00061.png
> eigenfunction 61 with p-ration0.05026 plotted to Results/000004/smpr_00061.png
> eigenfunction 62 plotted to Results/000004/eigenfun00062.png
> eigenfunction 62 with p-ration0.05224 plotted to Results/000004/smpr_00062.png
> eigenfunction 63 plotted to Results/000004/eigenfun00063.png
> eigenfunction 63 with p-ration0.05598 plotted to Results/000004/smpr_00063.png
> eigenfunction 64 plotted to Results/000004/eigenfun00064.png
> eigenfunction 64 with p-ration0.05426 plotted to Results/000004/smpr_00064.png
> eigenfunction 65 plotted to Results/000004/eigenfun00065.png
> eigenfunction 65 with p-ration0.04827 plotted to Results/000004/smpr_00065.png
> eigenfunction 66 plotted to Results/000004/eigenfun00066.png
> eigenfunction 66 with p-ration0.05354 plotted to Results/000004/smpr_00066.png
> eigenfunction 67 plotted to Results/000004/eigenfun00067.png
> eigenfunction 67 with p-ration0.04448 plotted to Results/000004/smpr_00067.png
> eigenfunction 68 plotted to Results/000004/eigenfun00068.png
> eigenfunction 68 with p-ration0.04474 plotted to Results/000004/smpr_00068.png
> eigenfunction 69 plotted to Results/000004/eigenfun00069.png
> eigenfunction 69 with p-ration0.04667 plotted to Results/000004/smpr_00069.png
> eigenfunction 70 plotted to Results/000004/eigenfun00070.png
> eigenfunction 70 with p-ration0.05263 plotted to Results/000004/smpr_00070.png
> eigenfunction 71 plotted to Results/000004/eigenfun00071.png
> eigenfunction 71 with p-ration0.05562 plotted to Results/000004/smpr_00071.png
> eigenfunction 72 plotted to Results/000004/eigenfun00072.png
> eigenfunction 72 with p-ration0.04746 plotted to Results/000004/smpr_00072.png
> eigenfunction 73 plotted to Results/000004/eigenfun00073.png
> eigenfunction 73 with p-ration0.02771 plotted to Results/000004/smpr_00073.png
> eigenfunction 74 plotted to Results/000004/eigenfun00074.png
> eigenfunction 74 with p-ration0.04191 plotted to Results/000004/smpr_00074.png
> eigenfunction 75 plotted to Results/000004/eigenfun00075.png
> eigenfunction 75 with p-ration0.04255 plotted to Results/000004/smpr_00075.png
> eigenfunction 76 plotted to Results/000004/eigenfun00076.png
> eigenfunction 76 with p-ration0.05077 plotted to Results/000004/smpr_00076.png
> eigenfunction 77 plotted to Results/000004/eigenfun00077.png
> eigenfunction 77 with p-ration0.04100 plotted to Results/000004/smpr_00077.png
> eigenfunction 78 plotted to Results/000004/eigenfun00078.png
> eigenfunction 78 with p-ration0.04445 plotted to Results/000004/smpr_00078.png
> eigenfunction 79 plotted to Results/000004/eigenfun00079.png
> eigenfunction 79 with p-ration0.04908 plotted to Results/000004/smpr_00079.png
> eigenfunction 80 plotted to Results/000004/eigenfun00080.png
> eigenfunction 80 with p-ration0.04609 plotted to Results/000004/smpr_00080.png
> eigenfunction 81 plotted to Results/000004/eigenfun00081.png
> eigenfunction 81 with p-ration0.05756 plotted to Results/000004/smpr_00081.png
> eigenfunction 82 plotted to Results/000004/eigenfun00082.png
> eigenfunction 82 with p-ration0.05133 plotted to Results/000004/smpr_00082.png
> eigenfunction 83 plotted to Results/000004/eigenfun00083.png
> eigenfunction 83 with p-ration0.05026 plotted to Results/000004/smpr_00083.png
> eigenfunction 84 plotted to Results/000004/eigenfun00084.png
> eigenfunction 84 with p-ration0.04866 plotted to Results/000004/smpr_00084.png
> eigenfunction 85 plotted to Results/000004/eigenfun00085.png
> eigenfunction 85 with p-ration0.04868 plotted to Results/000004/smpr_00085.png
> eigenfunction 86 plotted to Results/000004/eigenfun00086.png
> eigenfunction 86 with p-ration0.05652 plotted to Results/000004/smpr_00086.png
> eigenfunction 87 plotted to Results/000004/eigenfun00087.png
> eigenfunction 87 with p-ration0.05111 plotted to Results/000004/smpr_00087.png
> eigenfunction 88 plotted to Results/000004/eigenfun00088.png
> eigenfunction 88 with p-ration0.05169 plotted to Results/000004/smpr_00088.png
> eigenfunction 89 plotted to Results/000004/eigenfun00089.png
> eigenfunction 89 with p-ration0.04883 plotted to Results/000004/smpr_00089.png
> eigenfunction 90 plotted to Results/000004/eigenfun00090.png
> eigenfunction 90 with p-ration0.05224 plotted to Results/000004/smpr_00090.png
> eigenfunction 91 plotted to Results/000004/eigenfun00091.png
> eigenfunction 91 with p-ration0.04255 plotted to Results/000004/smpr_00091.png
> eigenfunction 92 plotted to Results/000004/eigenfun00092.png
> eigenfunction 92 with p-ration0.04673 plotted to Results/000004/smpr_00092.png
> eigenfunction 93 plotted to Results/000004/eigenfun00093.png
> eigenfunction 93 with p-ration0.04643 plotted to Results/000004/smpr_00093.png
> eigenfunction 94 plotted to Results/000004/eigenfun00094.png
> eigenfunction 94 with p-ration0.05135 plotted to Results/000004/smpr_00094.png
> eigenfunction 95 plotted to Results/000004/eigenfun00095.png
> eigenfunction 95 with p-ration0.03746 plotted to Results/000004/smpr_00095.png
> eigenfunction 96 plotted to Results/000004/eigenfun00096.png
> eigenfunction 96 with p-ration0.04415 plotted to Results/000004/smpr_00096.png
> eigenfunction 97 plotted to Results/000004/eigenfun00097.png
> eigenfunction 97 with p-ration0.05141 plotted to Results/000004/smpr_00097.png
> eigenfunction 98 plotted to Results/000004/eigenfun00098.png
> eigenfunction 98 with p-ration0.05380 plotted to Results/000004/smpr_00098.png
> eigenfunction 99 plotted to Results/000004/eigenfun00099.png
> eigenfunction 99 with p-ration0.04075 plotted to Results/000004/smpr_00099.png
> eigenfunction 100 plotted to Results/000004/eigenfun00100.png
> eigenfunction 100 with p-ration0.05513 plotted to Results/000004/smpr_00100.png
> eigenfunction 101 plotted to Results/000004/eigenfun00101.png
> eigenfunction 101 with p-ration0.05141 plotted to Results/000004/smpr_00101.png
> eigenfunction 102 plotted to Results/000004/eigenfun00102.png
> eigenfunction 102 with p-ration0.04918 plotted to Results/000004/smpr_00102.png
> eigenfunction 103 plotted to Results/000004/eigenfun00103.png
> eigenfunction 103 with p-ration0.05420 plotted to Results/000004/smpr_00103.png
> eigenfunction 104 plotted to Results/000004/eigenfun00104.png
> eigenfunction 104 with p-ration0.05464 plotted to Results/000004/smpr_00104.png
> eigenfunction 105 plotted to Results/000004/eigenfun00105.png
> eigenfunction 105 with p-ration0.05573 plotted to Results/000004/smpr_00105.png
> eigenfunction 106 plotted to Results/000004/eigenfun00106.png
> eigenfunction 106 with p-ration0.05133 plotted to Results/000004/smpr_00106.png
> eigenfunction 107 plotted to Results/000004/eigenfun00107.png
> eigenfunction 107 with p-ration0.05457 plotted to Results/000004/smpr_00107.png
> eigenfunction 108 plotted to Results/000004/eigenfun00108.png
> eigenfunction 108 with p-ration0.03523 plotted to Results/000004/smpr_00108.png
> eigenfunction 109 plotted to Results/000004/eigenfun00109.png
> eigenfunction 109 with p-ration0.05015 plotted to Results/000004/smpr_00109.png
> eigenfunction 110 plotted to Results/000004/eigenfun00110.png
> eigenfunction 110 with p-ration0.02844 plotted to Results/000004/smpr_00110.png
> eigenfunction 111 plotted to Results/000004/eigenfun00111.png
> eigenfunction 111 with p-ration0.04940 plotted to Results/000004/smpr_00111.png
> eigenfunction 112 plotted to Results/000004/eigenfun00112.png
> eigenfunction 112 with p-ration0.04801 plotted to Results/000004/smpr_00112.png
> eigenfunction 113 plotted to Results/000004/eigenfun00113.png
> eigenfunction 113 with p-ration0.04534 plotted to Results/000004/smpr_00113.png
> eigenfunction 114 plotted to Results/000004/eigenfun00114.png
> eigenfunction 114 with p-ration0.05524 plotted to Results/000004/smpr_00114.png
> eigenfunction 115 plotted to Results/000004/eigenfun00115.png
> eigenfunction 115 with p-ration0.05184 plotted to Results/000004/smpr_00115.png
> eigenfunction 116 plotted to Results/000004/eigenfun00116.png
> eigenfunction 116 with p-ration0.04465 plotted to Results/000004/smpr_00116.png
> eigenfunction 117 plotted to Results/000004/eigenfun00117.png
> eigenfunction 117 with p-ration0.04353 plotted to Results/000004/smpr_00117.png
> eigenfunction 118 plotted to Results/000004/eigenfun00118.png
> eigenfunction 118 with p-ration0.03941 plotted to Results/000004/smpr_00118.png
> eigenfunction 119 plotted to Results/000004/eigenfun00119.png
> eigenfunction 119 with p-ration0.05471 plotted to Results/000004/smpr_00119.png
> eigenfunction 120 plotted to Results/000004/eigenfun00120.png
> eigenfunction 120 with p-ration0.04884 plotted to Results/000004/smpr_00120.png
> eigenfunction 121 plotted to Results/000004/eigenfun00121.png
> eigenfunction 121 with p-ration0.04928 plotted to Results/000004/smpr_00121.png
> eigenfunction 122 plotted to Results/000004/eigenfun00122.png
> eigenfunction 122 with p-ration0.04041 plotted to Results/000004/smpr_00122.png
> eigenfunction 123 plotted to Results/000004/eigenfun00123.png
> eigenfunction 123 with p-ration0.05511 plotted to Results/000004/smpr_00123.png
> eigenfunction 124 plotted to Results/000004/eigenfun00124.png
> eigenfunction 124 with p-ration0.04390 plotted to Results/000004/smpr_00124.png
> eigenfunction 125 plotted to Results/000004/eigenfun00125.png
> eigenfunction 125 with p-ration0.05029 plotted to Results/000004/smpr_00125.png
> eigenfunction 126 plotted to Results/000004/eigenfun00126.png
> eigenfunction 126 with p-ration0.04905 plotted to Results/000004/smpr_00126.png
> eigenfunction 127 plotted to Results/000004/eigenfun00127.png
> eigenfunction 127 with p-ration0.04853 plotted to Results/000004/smpr_00127.png
> eigenfunction 128 plotted to Results/000004/eigenfun00128.png
> eigenfunction 128 with p-ration0.05324 plotted to Results/000004/smpr_00128.png
> eigenfunction 129 plotted to Results/000004/eigenfun00129.png
> eigenfunction 129 with p-ration0.05460 plotted to Results/000004/smpr_00129.png
> eigenfunction 130 plotted to Results/000004/eigenfun00130.png
> eigenfunction 130 with p-ration0.05063 plotted to Results/000004/smpr_00130.png
> eigenfunction 131 plotted to Results/000004/eigenfun00131.png
> eigenfunction 131 with p-ration0.04436 plotted to Results/000004/smpr_00131.png
> eigenfunction 132 plotted to Results/000004/eigenfun00132.png
> eigenfunction 132 with p-ration0.04765 plotted to Results/000004/smpr_00132.png
> eigenfunction 133 plotted to Results/000004/eigenfun00133.png
> eigenfunction 133 with p-ration0.04479 plotted to Results/000004/smpr_00133.png
> eigenfunction 134 plotted to Results/000004/eigenfun00134.png
> eigenfunction 134 with p-ration0.03708 plotted to Results/000004/smpr_00134.png
> eigenfunction 135 plotted to Results/000004/eigenfun00135.png
> eigenfunction 135 with p-ration0.04203 plotted to Results/000004/smpr_00135.png
> eigenfunction 136 plotted to Results/000004/eigenfun00136.png
> eigenfunction 136 with p-ration0.05708 plotted to Results/000004/smpr_00136.png
> eigenfunction 137 plotted to Results/000004/eigenfun00137.png
> eigenfunction 137 with p-ration0.04086 plotted to Results/000004/smpr_00137.png
> eigenfunction 138 plotted to Results/000004/eigenfun00138.png
> eigenfunction 138 with p-ration0.04548 plotted to Results/000004/smpr_00138.png
> eigenfunction 139 plotted to Results/000004/eigenfun00139.png
> eigenfunction 139 with p-ration0.04673 plotted to Results/000004/smpr_00139.png
> eigenfunction 140 plotted to Results/000004/eigenfun00140.png
> eigenfunction 140 with p-ration0.04573 plotted to Results/000004/smpr_00140.png
> eigenfunction 141 plotted to Results/000004/eigenfun00141.png
> eigenfunction 141 with p-ration0.05400 plotted to Results/000004/smpr_00141.png
> eigenfunction 142 plotted to Results/000004/eigenfun00142.png
> eigenfunction 142 with p-ration0.04531 plotted to Results/000004/smpr_00142.png
> eigenfunction 143 plotted to Results/000004/eigenfun00143.png
> eigenfunction 143 with p-ration0.03993 plotted to Results/000004/smpr_00143.png
> eigenfunction 144 plotted to Results/000004/eigenfun00144.png
> eigenfunction 144 with p-ration0.04440 plotted to Results/000004/smpr_00144.png
> eigenfunction 145 plotted to Results/000004/eigenfun00145.png
> eigenfunction 145 with p-ration0.04577 plotted to Results/000004/smpr_00145.png
> eigenfunction 146 plotted to Results/000004/eigenfun00146.png
> eigenfunction 146 with p-ration0.04821 plotted to Results/000004/smpr_00146.png
> eigenfunction 147 plotted to Results/000004/eigenfun00147.png
> eigenfunction 147 with p-ration0.05110 plotted to Results/000004/smpr_00147.png
> eigenfunction 148 plotted to Results/000004/eigenfun00148.png
> eigenfunction 148 with p-ration0.04524 plotted to Results/000004/smpr_00148.png
> eigenfunction 149 plotted to Results/000004/eigenfun00149.png
> eigenfunction 149 with p-ration0.05104 plotted to Results/000004/smpr_00149.png
> eigenfunction 150 plotted to Results/000004/eigenfun00150.png
> eigenfunction 150 with p-ration0.04294 plotted to Results/000004/smpr_00150.png
> eigenfunction 151 plotted to Results/000004/eigenfun00151.png
> eigenfunction 151 with p-ration0.05361 plotted to Results/000004/smpr_00151.png
> eigenfunction 152 plotted to Results/000004/eigenfun00152.png
> eigenfunction 152 with p-ration0.04559 plotted to Results/000004/smpr_00152.png
> eigenfunction 153 plotted to Results/000004/eigenfun00153.png
> eigenfunction 153 with p-ration0.04591 plotted to Results/000004/smpr_00153.png
> eigenfunction 154 plotted to Results/000004/eigenfun00154.png
> eigenfunction 154 with p-ration0.04619 plotted to Results/000004/smpr_00154.png
> eigenfunction 155 plotted to Results/000004/eigenfun00155.png
> eigenfunction 155 with p-ration0.05053 plotted to Results/000004/smpr_00155.png
> eigenfunction 156 plotted to Results/000004/eigenfun00156.png
> eigenfunction 156 with p-ration0.03484 plotted to Results/000004/smpr_00156.png
> eigenfunction 157 plotted to Results/000004/eigenfun00157.png
> eigenfunction 157 with p-ration0.05554 plotted to Results/000004/smpr_00157.png
> eigenfunction 158 plotted to Results/000004/eigenfun00158.png
> eigenfunction 158 with p-ration0.05608 plotted to Results/000004/smpr_00158.png
> eigenfunction 159 plotted to Results/000004/eigenfun00159.png
> eigenfunction 159 with p-ration0.04314 plotted to Results/000004/smpr_00159.png
> eigenfunction 160 plotted to Results/000004/eigenfun00160.png
> eigenfunction 160 with p-ration0.05037 plotted to Results/000004/smpr_00160.png
> eigenfunction 161 plotted to Results/000004/eigenfun00161.png
> eigenfunction 161 with p-ration0.04042 plotted to Results/000004/smpr_00161.png
> eigenfunction 162 plotted to Results/000004/eigenfun00162.png
> eigenfunction 162 with p-ration0.04389 plotted to Results/000004/smpr_00162.png
> eigenfunction 163 plotted to Results/000004/eigenfun00163.png
> eigenfunction 163 with p-ration0.04616 plotted to Results/000004/smpr_00163.png
> eigenfunction 164 plotted to Results/000004/eigenfun00164.png
> eigenfunction 164 with p-ration0.05409 plotted to Results/000004/smpr_00164.png
> eigenfunction 165 plotted to Results/000004/eigenfun00165.png
> eigenfunction 165 with p-ration0.05889 plotted to Results/000004/smpr_00165.png
> eigenfunction 166 plotted to Results/000004/eigenfun00166.png
> eigenfunction 166 with p-ration0.04780 plotted to Results/000004/smpr_00166.png
> eigenfunction 167 plotted to Results/000004/eigenfun00167.png
> eigenfunction 167 with p-ration0.04765 plotted to Results/000004/smpr_00167.png
> eigenfunction 168 plotted to Results/000004/eigenfun00168.png
> eigenfunction 168 with p-ration0.04718 plotted to Results/000004/smpr_00168.png
> eigenfunction 169 plotted to Results/000004/eigenfun00169.png
> eigenfunction 169 with p-ration0.04567 plotted to Results/000004/smpr_00169.png
> eigenfunction 170 plotted to Results/000004/eigenfun00170.png
> eigenfunction 170 with p-ration0.05495 plotted to Results/000004/smpr_00170.png
> eigenfunction 171 plotted to Results/000004/eigenfun00171.png
> eigenfunction 171 with p-ration0.04833 plotted to Results/000004/smpr_00171.png
> eigenfunction 172 plotted to Results/000004/eigenfun00172.png
> eigenfunction 172 with p-ration0.04422 plotted to Results/000004/smpr_00172.png
> eigenfunction 173 plotted to Results/000004/eigenfun00173.png
> eigenfunction 173 with p-ration0.05422 plotted to Results/000004/smpr_00173.png
> eigenfunction 174 plotted to Results/000004/eigenfun00174.png
> eigenfunction 174 with p-ration0.05240 plotted to Results/000004/smpr_00174.png
> eigenfunction 175 plotted to Results/000004/eigenfun00175.png
> eigenfunction 175 with p-ration0.05024 plotted to Results/000004/smpr_00175.png
> eigenfunction 176 plotted to Results/000004/eigenfun00176.png
> eigenfunction 176 with p-ration0.05543 plotted to Results/000004/smpr_00176.png
> eigenfunction 177 plotted to Results/000004/eigenfun00177.png
> eigenfunction 177 with p-ration0.04549 plotted to Results/000004/smpr_00177.png
> eigenfunction 178 plotted to Results/000004/eigenfun00178.png
> eigenfunction 178 with p-ration0.06096 plotted to Results/000004/smpr_00178.png
> eigenfunction 179 plotted to Results/000004/eigenfun00179.png
> eigenfunction 179 with p-ration0.05593 plotted to Results/000004/smpr_00179.png
> eigenfunction 180 plotted to Results/000004/eigenfun00180.png
> eigenfunction 180 with p-ration0.04853 plotted to Results/000004/smpr_00180.png
> eigenfunction 181 plotted to Results/000004/eigenfun00181.png
> eigenfunction 181 with p-ration0.05200 plotted to Results/000004/smpr_00181.png
> eigenfunction 182 plotted to Results/000004/eigenfun00182.png
> eigenfunction 182 with p-ration0.05017 plotted to Results/000004/smpr_00182.png
> eigenfunction 183 plotted to Results/000004/eigenfun00183.png
> eigenfunction 183 with p-ration0.04229 plotted to Results/000004/smpr_00183.png
> eigenfunction 184 plotted to Results/000004/eigenfun00184.png
> eigenfunction 184 with p-ration0.05792 plotted to Results/000004/smpr_00184.png
> eigenfunction 185 plotted to Results/000004/eigenfun00185.png
> eigenfunction 185 with p-ration0.05289 plotted to Results/000004/smpr_00185.png
> eigenfunction 186 plotted to Results/000004/eigenfun00186.png
> eigenfunction 186 with p-ration0.05897 plotted to Results/000004/smpr_00186.png
> eigenfunction 187 plotted to Results/000004/eigenfun00187.png
> eigenfunction 187 with p-ration0.04262 plotted to Results/000004/smpr_00187.png
> eigenfunction 188 plotted to Results/000004/eigenfun00188.png
> eigenfunction 188 with p-ration0.04489 plotted to Results/000004/smpr_00188.png
> eigenfunction 189 plotted to Results/000004/eigenfun00189.png
> eigenfunction 189 with p-ration0.05204 plotted to Results/000004/smpr_00189.png
> eigenfunction 190 plotted to Results/000004/eigenfun00190.png
> eigenfunction 190 with p-ration0.04943 plotted to Results/000004/smpr_00190.png
> eigenfunction 191 plotted to Results/000004/eigenfun00191.png
> eigenfunction 191 with p-ration0.03512 plotted to Results/000004/smpr_00191.png
> eigenfunction 192 plotted to Results/000004/eigenfun00192.png
> eigenfunction 192 with p-ration0.05259 plotted to Results/000004/smpr_00192.png
> eigenfunction 193 plotted to Results/000004/eigenfun00193.png
> eigenfunction 193 with p-ration0.05460 plotted to Results/000004/smpr_00193.png
> eigenfunction 194 plotted to Results/000004/eigenfun00194.png
> eigenfunction 194 with p-ration0.03766 plotted to Results/000004/smpr_00194.png
> eigenfunction 195 plotted to Results/000004/eigenfun00195.png
> eigenfunction 195 with p-ration0.03439 plotted to Results/000004/smpr_00195.png
> eigenfunction 196 plotted to Results/000004/eigenfun00196.png
> eigenfunction 196 with p-ration0.04490 plotted to Results/000004/smpr_00196.png
> eigenfunction 197 plotted to Results/000004/eigenfun00197.png
> eigenfunction 197 with p-ration0.05189 plotted to Results/000004/smpr_00197.png
> eigenfunction 198 plotted to Results/000004/eigenfun00198.png
> eigenfunction 198 with p-ration0.05516 plotted to Results/000004/smpr_00198.png
> eigenfunction 199 plotted to Results/000004/eigenfun00199.png
> eigenfunction 199 with p-ration0.05414 plotted to Results/000004/smpr_00199.png
> eigenfunction 200 plotted to Results/000004/eigenfun00200.png
> eigenfunction 200 with p-ration0.05071 plotted to Results/000004/smpr_00200.png
> eigenfunction 201 plotted to Results/000004/eigenfun00201.png
> eigenfunction 201 with p-ration0.06092 plotted to Results/000004/smpr_00201.png
> eigenfunction 202 plotted to Results/000004/eigenfun00202.png
> eigenfunction 202 with p-ration0.04672 plotted to Results/000004/smpr_00202.png
> eigenfunction 203 plotted to Results/000004/eigenfun00203.png
> eigenfunction 203 with p-ration0.04995 plotted to Results/000004/smpr_00203.png
> eigenfunction 204 plotted to Results/000004/eigenfun00204.png
> eigenfunction 204 with p-ration0.04860 plotted to Results/000004/smpr_00204.png
> eigenfunction 205 plotted to Results/000004/eigenfun00205.png
> eigenfunction 205 with p-ration0.05248 plotted to Results/000004/smpr_00205.png
> eigenfunction 206 plotted to Results/000004/eigenfun00206.png
> eigenfunction 206 with p-ration0.05070 plotted to Results/000004/smpr_00206.png
> eigenfunction 207 plotted to Results/000004/eigenfun00207.png
> eigenfunction 207 with p-ration0.04351 plotted to Results/000004/smpr_00207.png
> eigenfunction 208 plotted to Results/000004/eigenfun00208.png
> eigenfunction 208 with p-ration0.04678 plotted to Results/000004/smpr_00208.png
> eigenfunction 209 plotted to Results/000004/eigenfun00209.png
> eigenfunction 209 with p-ration0.05088 plotted to Results/000004/smpr_00209.png
> eigenfunction 210 plotted to Results/000004/eigenfun00210.png
> eigenfunction 210 with p-ration0.04804 plotted to Results/000004/smpr_00210.png
> eigenfunction 211 plotted to Results/000004/eigenfun00211.png
> eigenfunction 211 with p-ration0.04923 plotted to Results/000004/smpr_00211.png
> eigenfunction 212 plotted to Results/000004/eigenfun00212.png
> eigenfunction 212 with p-ration0.04509 plotted to Results/000004/smpr_00212.png
> eigenfunction 213 plotted to Results/000004/eigenfun00213.png
> eigenfunction 213 with p-ration0.04945 plotted to Results/000004/smpr_00213.png
> eigenfunction 214 plotted to Results/000004/eigenfun00214.png
> eigenfunction 214 with p-ration0.04034 plotted to Results/000004/smpr_00214.png
> eigenfunction 215 plotted to Results/000004/eigenfun00215.png
> eigenfunction 215 with p-ration0.02912 plotted to Results/000004/smpr_00215.png
> eigenfunction 216 plotted to Results/000004/eigenfun00216.png
> eigenfunction 216 with p-ration0.04339 plotted to Results/000004/smpr_00216.png
> eigenfunction 217 plotted to Results/000004/eigenfun00217.png
> eigenfunction 217 with p-ration0.05145 plotted to Results/000004/smpr_00217.png
> eigenfunction 218 plotted to Results/000004/eigenfun00218.png
> eigenfunction 218 with p-ration0.04370 plotted to Results/000004/smpr_00218.png
> eigenfunction 219 plotted to Results/000004/eigenfun00219.png
> eigenfunction 219 with p-ration0.03748 plotted to Results/000004/smpr_00219.png
> eigenfunction 220 plotted to Results/000004/eigenfun00220.png
> eigenfunction 220 with p-ration0.04588 plotted to Results/000004/smpr_00220.png
> eigenfunction 221 plotted to Results/000004/eigenfun00221.png
> eigenfunction 221 with p-ration0.04766 plotted to Results/000004/smpr_00221.png
> eigenfunction 222 plotted to Results/000004/eigenfun00222.png
> eigenfunction 222 with p-ration0.04888 plotted to Results/000004/smpr_00222.png
> eigenfunction 223 plotted to Results/000004/eigenfun00223.png
> eigenfunction 223 with p-ration0.04678 plotted to Results/000004/smpr_00223.png
> eigenfunction 224 plotted to Results/000004/eigenfun00224.png
> eigenfunction 224 with p-ration0.04622 plotted to Results/000004/smpr_00224.png
> eigenfunction 225 plotted to Results/000004/eigenfun00225.png
> eigenfunction 225 with p-ration0.05202 plotted to Results/000004/smpr_00225.png
> eigenfunction 226 plotted to Results/000004/eigenfun00226.png
> eigenfunction 226 with p-ration0.04544 plotted to Results/000004/smpr_00226.png
> eigenfunction 227 plotted to Results/000004/eigenfun00227.png
> eigenfunction 227 with p-ration0.04967 plotted to Results/000004/smpr_00227.png
> eigenfunction 228 plotted to Results/000004/eigenfun00228.png
> eigenfunction 228 with p-ration0.05496 plotted to Results/000004/smpr_00228.png
> eigenfunction 229 plotted to Results/000004/eigenfun00229.png
> eigenfunction 229 with p-ration0.04744 plotted to Results/000004/smpr_00229.png
> eigenfunction 230 plotted to Results/000004/eigenfun00230.png
> eigenfunction 230 with p-ration0.05899 plotted to Results/000004/smpr_00230.png
> eigenfunction 231 plotted to Results/000004/eigenfun00231.png
> eigenfunction 231 with p-ration0.05383 plotted to Results/000004/smpr_00231.png
> eigenfunction 232 plotted to Results/000004/eigenfun00232.png
> eigenfunction 232 with p-ration0.04722 plotted to Results/000004/smpr_00232.png
> eigenfunction 233 plotted to Results/000004/eigenfun00233.png
> eigenfunction 233 with p-ration0.05206 plotted to Results/000004/smpr_00233.png
> eigenfunction 234 plotted to Results/000004/eigenfun00234.png
> eigenfunction 234 with p-ration0.05275 plotted to Results/000004/smpr_00234.png
> eigenfunction 235 plotted to Results/000004/eigenfun00235.png
> eigenfunction 235 with p-ration0.05528 plotted to Results/000004/smpr_00235.png
> eigenfunction 236 plotted to Results/000004/eigenfun00236.png
> eigenfunction 236 with p-ration0.04899 plotted to Results/000004/smpr_00236.png
> eigenfunction 237 plotted to Results/000004/eigenfun00237.png
> eigenfunction 237 with p-ration0.05008 plotted to Results/000004/smpr_00237.png
> eigenfunction 238 plotted to Results/000004/eigenfun00238.png
> eigenfunction 238 with p-ration0.04213 plotted to Results/000004/smpr_00238.png
> eigenfunction 239 plotted to Results/000004/eigenfun00239.png
> eigenfunction 239 with p-ration0.04021 plotted to Results/000004/smpr_00239.png
> eigenfunction 240 plotted to Results/000004/eigenfun00240.png
> eigenfunction 240 with p-ration0.05020 plotted to Results/000004/smpr_00240.png
> eigenfunction 241 plotted to Results/000004/eigenfun00241.png
> eigenfunction 241 with p-ration0.05109 plotted to Results/000004/smpr_00241.png
> eigenfunction 242 plotted to Results/000004/eigenfun00242.png
> eigenfunction 242 with p-ration0.05063 plotted to Results/000004/smpr_00242.png
> eigenfunction 243 plotted to Results/000004/eigenfun00243.png
> eigenfunction 243 with p-ration0.05018 plotted to Results/000004/smpr_00243.png
> eigenfunction 244 plotted to Results/000004/eigenfun00244.png
> eigenfunction 244 with p-ration0.04596 plotted to Results/000004/smpr_00244.png
> eigenfunction 245 plotted to Results/000004/eigenfun00245.png
> eigenfunction 245 with p-ration0.04376 plotted to Results/000004/smpr_00245.png
> eigenfunction 246 plotted to Results/000004/eigenfun00246.png
> eigenfunction 246 with p-ration0.04954 plotted to Results/000004/smpr_00246.png
> eigenfunction 247 plotted to Results/000004/eigenfun00247.png
> eigenfunction 247 with p-ration0.05707 plotted to Results/000004/smpr_00247.png
> eigenfunction 248 plotted to Results/000004/eigenfun00248.png
> eigenfunction 248 with p-ration0.05360 plotted to Results/000004/smpr_00248.png
> eigenfunction 249 plotted to Results/000004/eigenfun00249.png
> eigenfunction 249 with p-ration0.04728 plotted to Results/000004/smpr_00249.png
> eigenfunction 250 plotted to Results/000004/eigenfun00250.png
> eigenfunction 250 with p-ration0.04041 plotted to Results/000004/smpr_00250.png
> eigenfunction 251 plotted to Results/000004/eigenfun00251.png
> eigenfunction 251 with p-ration0.04154 plotted to Results/000004/smpr_00251.png
> eigenfunction 252 plotted to Results/000004/eigenfun00252.png
> eigenfunction 252 with p-ration0.04734 plotted to Results/000004/smpr_00252.png
> eigenfunction 253 plotted to Results/000004/eigenfun00253.png
> eigenfunction 253 with p-ration0.04872 plotted to Results/000004/smpr_00253.png
> eigenfunction 254 plotted to Results/000004/eigenfun00254.png
> eigenfunction 254 with p-ration0.04365 plotted to Results/000004/smpr_00254.png
> eigenfunction 255 plotted to Results/000004/eigenfun00255.png
> eigenfunction 255 with p-ration0.05089 plotted to Results/000004/smpr_00255.png
> eigenfunction 256 plotted to Results/000004/eigenfun00256.png
> eigenfunction 256 with p-ration0.04876 plotted to Results/000004/smpr_00256.png
> eigenfunction 257 plotted to Results/000004/eigenfun00257.png
> eigenfunction 257 with p-ration0.03442 plotted to Results/000004/smpr_00257.png
> eigenfunction 258 plotted to Results/000004/eigenfun00258.png
> eigenfunction 258 with p-ration0.04765 plotted to Results/000004/smpr_00258.png
> eigenfunction 259 plotted to Results/000004/eigenfun00259.png
> eigenfunction 259 with p-ration0.04716 plotted to Results/000004/smpr_00259.png
> eigenfunction 260 plotted to Results/000004/eigenfun00260.png
> eigenfunction 260 with p-ration0.04531 plotted to Results/000004/smpr_00260.png
> eigenfunction 261 plotted to Results/000004/eigenfun00261.png
> eigenfunction 261 with p-ration0.05095 plotted to Results/000004/smpr_00261.png
> eigenfunction 262 plotted to Results/000004/eigenfun00262.png
> eigenfunction 262 with p-ration0.04835 plotted to Results/000004/smpr_00262.png
> eigenfunction 263 plotted to Results/000004/eigenfun00263.png
> eigenfunction 263 with p-ration0.04738 plotted to Results/000004/smpr_00263.png
> eigenfunction 264 plotted to Results/000004/eigenfun00264.png
> eigenfunction 264 with p-ration0.04905 plotted to Results/000004/smpr_00264.png
> eigenfunction 265 plotted to Results/000004/eigenfun00265.png
> eigenfunction 265 with p-ration0.04994 plotted to Results/000004/smpr_00265.png
> eigenfunction 266 plotted to Results/000004/eigenfun00266.png
> eigenfunction 266 with p-ration0.04874 plotted to Results/000004/smpr_00266.png
> eigenfunction 267 plotted to Results/000004/eigenfun00267.png
> eigenfunction 267 with p-ration0.05398 plotted to Results/000004/smpr_00267.png
> eigenfunction 268 plotted to Results/000004/eigenfun00268.png
> eigenfunction 268 with p-ration0.04457 plotted to Results/000004/smpr_00268.png
> eigenfunction 269 plotted to Results/000004/eigenfun00269.png
> eigenfunction 269 with p-ration0.04261 plotted to Results/000004/smpr_00269.png
> eigenfunction 270 plotted to Results/000004/eigenfun00270.png
> eigenfunction 270 with p-ration0.05599 plotted to Results/000004/smpr_00270.png
> eigenfunction 271 plotted to Results/000004/eigenfun00271.png
> eigenfunction 271 with p-ration0.05205 plotted to Results/000004/smpr_00271.png
> eigenfunction 272 plotted to Results/000004/eigenfun00272.png
> eigenfunction 272 with p-ration0.03283 plotted to Results/000004/smpr_00272.png
> eigenfunction 273 plotted to Results/000004/eigenfun00273.png
> eigenfunction 273 with p-ration0.03997 plotted to Results/000004/smpr_00273.png
> eigenfunction 274 plotted to Results/000004/eigenfun00274.png
> eigenfunction 274 with p-ration0.05334 plotted to Results/000004/smpr_00274.png
> eigenfunction 275 plotted to Results/000004/eigenfun00275.png
> eigenfunction 275 with p-ration0.04704 plotted to Results/000004/smpr_00275.png
> eigenfunction 276 plotted to Results/000004/eigenfun00276.png
> eigenfunction 276 with p-ration0.05177 plotted to Results/000004/smpr_00276.png
> eigenfunction 277 plotted to Results/000004/eigenfun00277.png
> eigenfunction 277 with p-ration0.04039 plotted to Results/000004/smpr_00277.png
> eigenfunction 278 plotted to Results/000004/eigenfun00278.png
> eigenfunction 278 with p-ration0.05500 plotted to Results/000004/smpr_00278.png
> eigenfunction 279 plotted to Results/000004/eigenfun00279.png
> eigenfunction 279 with p-ration0.05050 plotted to Results/000004/smpr_00279.png
> eigenfunction 280 plotted to Results/000004/eigenfun00280.png
> eigenfunction 280 with p-ration0.05434 plotted to Results/000004/smpr_00280.png
> eigenfunction 281 plotted to Results/000004/eigenfun00281.png
> eigenfunction 281 with p-ration0.03231 plotted to Results/000004/smpr_00281.png
> eigenfunction 282 plotted to Results/000004/eigenfun00282.png
> eigenfunction 282 with p-ration0.05046 plotted to Results/000004/smpr_00282.png
> eigenfunction 283 plotted to Results/000004/eigenfun00283.png
> eigenfunction 283 with p-ration0.05573 plotted to Results/000004/smpr_00283.png
> eigenfunction 284 plotted to Results/000004/eigenfun00284.png
> eigenfunction 284 with p-ration0.04949 plotted to Results/000004/smpr_00284.png
> eigenfunction 285 plotted to Results/000004/eigenfun00285.png
> eigenfunction 285 with p-ration0.04649 plotted to Results/000004/smpr_00285.png
> eigenfunction 286 plotted to Results/000004/eigenfun00286.png
> eigenfunction 286 with p-ration0.05532 plotted to Results/000004/smpr_00286.png
> eigenfunction 287 plotted to Results/000004/eigenfun00287.png
> eigenfunction 287 with p-ration0.05360 plotted to Results/000004/smpr_00287.png
> eigenfunction 288 plotted to Results/000004/eigenfun00288.png
> eigenfunction 288 with p-ration0.04847 plotted to Results/000004/smpr_00288.png
> eigenfunction 289 plotted to Results/000004/eigenfun00289.png
> eigenfunction 289 with p-ration0.04281 plotted to Results/000004/smpr_00289.png
> eigenfunction 290 plotted to Results/000004/eigenfun00290.png
> eigenfunction 290 with p-ration0.05107 plotted to Results/000004/smpr_00290.png
> eigenfunction 291 plotted to Results/000004/eigenfun00291.png
> eigenfunction 291 with p-ration0.03648 plotted to Results/000004/smpr_00291.png
> eigenfunction 292 plotted to Results/000004/eigenfun00292.png
> eigenfunction 292 with p-ration0.04980 plotted to Results/000004/smpr_00292.png
> eigenfunction 293 plotted to Results/000004/eigenfun00293.png
> eigenfunction 293 with p-ration0.05299 plotted to Results/000004/smpr_00293.png
> eigenfunction 294 plotted to Results/000004/eigenfun00294.png
> eigenfunction 294 with p-ration0.03529 plotted to Results/000004/smpr_00294.png
> eigenfunction 295 plotted to Results/000004/eigenfun00295.png
> eigenfunction 295 with p-ration0.04915 plotted to Results/000004/smpr_00295.png
> eigenfunction 296 plotted to Results/000004/eigenfun00296.png
> eigenfunction 296 with p-ration0.04662 plotted to Results/000004/smpr_00296.png
> eigenfunction 297 plotted to Results/000004/eigenfun00297.png
> eigenfunction 297 with p-ration0.03827 plotted to Results/000004/smpr_00297.png
> eigenfunction 298 plotted to Results/000004/eigenfun00298.png
> eigenfunction 298 with p-ration0.04170 plotted to Results/000004/smpr_00298.png
> eigenfunction 299 plotted to Results/000004/eigenfun00299.png
> eigenfunction 299 with p-ration0.03564 plotted to Results/000004/smpr_00299.png
> eigenfunction 300 plotted to Results/000004/eigenfun00300.png
> eigenfunction 300 with p-ration0.05159 plotted to Results/000004/smpr_00300.png
> eigenvalues written to Results/000004/eigenvalues.txt
> eigenfunction montage between 0 and 24 is  written to Results/000004/eigenfunmon000_024.png
> eigenfunction montage between 25 and 49 is  written to Results/000004/eigenfunmon025_049.png
> eigenfunction montage between 50 and 74 is  written to Results/000004/eigenfunmon050_074.png
> eigenfunction montage between 75 and 99 is  written to Results/000004/eigenfunmon075_099.png
> eigenfunction montage between 100 and 124 is  written to Results/000004/eigenfunmon100_124.png
> eigenfunction montage between 125 and 149 is  written to Results/000004/eigenfunmon125_149.png
> eigenfunction montage between 150 and 174 is  written to Results/000004/eigenfunmon150_174.png
> eigenfunction montage between 175 and 199 is  written to Results/000004/eigenfunmon175_199.png
> eigenfunction montage between 200 and 224 is  written to Results/000004/eigenfunmon200_224.png
> eigenfunction montage between 225 and 249 is  written to Results/000004/eigenfunmon225_249.png
> eigenfunction montage between 250 and 274 is  written to Results/000004/eigenfunmon250_274.png
> eigenfunction montage between 275 and 299 is  written to Results/000004/eigenfunmon275_299.png
> pratio vs modes to Results/000004/pratio_mode.png
> pratio vs eigenvalues to Results/000004/pratio_eigen.png
> pratio vs modes to Results/000004/pratio_mode_log.png
> pratio vs eigenvalues to Results/000004/pratio_eigen_log.png
